info: Microsoft.EntityFrameworkCore.Database.Command[20101]
      Executed DbCommand (17ms) [Parameters=[], CommandType='Text', CommandTimeout='30']
      SELECT 1
info: Microsoft.EntityFrameworkCore.Database.Command[20101]
      Executed DbCommand (12ms) [Parameters=[], CommandType='Text', CommandTimeout='30']
      SELECT OBJECT_ID(N'[__EFMigrationsHistory]');
info: Microsoft.EntityFrameworkCore.Database.Command[20101]
      Executed DbCommand (1ms) [Parameters=[], CommandType='Text', CommandTimeout='30']
      SELECT 1
info: Microsoft.EntityFrameworkCore.Database.Command[20101]
      Executed DbCommand (0ms) [Parameters=[], CommandType='Text', CommandTimeout='30']
      SELECT OBJECT_ID(N'[__EFMigrationsHistory]');
info: Microsoft.EntityFrameworkCore.Database.Command[20101]
      Executed DbCommand (9ms) [Parameters=[], CommandType='Text', CommandTimeout='30']
      SELECT [MigrationId], [ProductVersion]
      FROM [__EFMigrationsHistory]
      ORDER BY [MigrationId];
info: Microsoft.EntityFrameworkCore.Migrations[20405]
      No migrations were applied. The database is already up to date.
info: Microsoft.Hosting.Lifetime[0]
      Application started. Press Ctrl+C to shut down.
info: Microsoft.Hosting.Lifetime[0]
      Hosting environment: Development
info: Microsoft.Hosting.Lifetime[0]
      Content root path: C:\Users\lubia\source\repos\PmesCSharp
warn: PmesCSharp.Services.RecaptchaService[0]
      reCAPTCHA token is empty. Skipping validation (dev mode).
info: Microsoft.EntityFrameworkCore.Database.Command[20101]
      Executed DbCommand (64ms) [Parameters=[@__normalizedEmail_0='?' (Size = 256)], CommandType='Text', CommandTimeout='30']
      SELECT TOP(2) [a].[Id], [a].[AccessFailedCount], [a].[ApprovedAt], [a].[ArchivedAt], [a].[CompanyId], [a].[ConcurrencyStamp], [a].[DateOfBirth], [a].[Email], [a].[EmailConfirmed], [a].[FullName], [a].[IsApproved], [a].[IsArchived], [a].[LockoutEnabled], [a].[LockoutEnd], [a].[MobileNumber], [a].[NormalizedEmail], [a].[NormalizedUserName], [a].[PasswordHash], [a].[PendingRole], [a].[PhoneNumber], [a].[PhoneNumberConfirmed], [a].[SecurityStamp], [a].[Sex], [a].[TwoFactorEnabled], [a].[UserName]
      FROM [AspNetUsers] AS [a]
      WHERE [a].[NormalizedEmail] = @__normalizedEmail_0
info: Microsoft.EntityFrameworkCore.Database.Command[20101]
      Executed DbCommand (4ms) [Parameters=[@__user_Id_0='?' (Size = 450)], CommandType='Text', CommandTimeout='30']
      SELECT [a].[Id], [a].[ClaimType], [a].[ClaimValue], [a].[UserId]
      FROM [AspNetUserClaims] AS [a]
      WHERE [a].[UserId] = @__user_Id_0
info: Microsoft.EntityFrameworkCore.Database.Command[20101]
      Executed DbCommand (8ms) [Parameters=[@__userId_0='?' (Size = 450)], CommandType='Text', CommandTimeout='30']
      SELECT [a0].[Name]
      FROM [AspNetUserRoles] AS [a]
      INNER JOIN [AspNetRoles] AS [a0] ON [a].[RoleId] = [a0].[Id]
      WHERE [a].[UserId] = @__userId_0
info: Microsoft.EntityFrameworkCore.Database.Command[20101]
      Executed DbCommand (3ms) [Parameters=[@__normalizedName_0='?' (Size = 256)], CommandType='Text', CommandTimeout='30']
      SELECT TOP(1) [a].[Id], [a].[ConcurrencyStamp], [a].[Name], [a].[NormalizedName]
      FROM [AspNetRoles] AS [a]
      WHERE [a].[NormalizedName] = @__normalizedName_0
info: Microsoft.EntityFrameworkCore.Database.Command[20101]
      Executed DbCommand (3ms) [Parameters=[@__role_Id_0='?' (Size = 450)], CommandType='Text', CommandTimeout='30']
      SELECT [a].[ClaimType], [a].[ClaimValue]
      FROM [AspNetRoleClaims] AS [a]
      WHERE [a].[RoleId] = @__role_Id_0
info: Microsoft.EntityFrameworkCore.Database.Command[20101]
      Executed DbCommand (2ms) [Parameters=[@__user_Id_0='?' (Size = 450)], CommandType='Text', CommandTimeout='30']
      SELECT [a].[Id], [a].[ClaimType], [a].[ClaimValue], [a].[UserId]
      FROM [AspNetUserClaims] AS [a]
      WHERE [a].[UserId] = @__user_Id_0
info: Microsoft.EntityFrameworkCore.Database.Command[20101]
      Executed DbCommand (2ms) [Parameters=[@__userId_0='?' (Size = 450)], CommandType='Text', CommandTimeout='30']
      SELECT [a0].[Name]
      FROM [AspNetUserRoles] AS [a]
      INNER JOIN [AspNetRoles] AS [a0] ON [a].[RoleId] = [a0].[Id]
      WHERE [a].[UserId] = @__userId_0
info: Microsoft.EntityFrameworkCore.Database.Command[20101]
      Executed DbCommand (2ms) [Parameters=[@__normalizedName_0='?' (Size = 256)], CommandType='Text', CommandTimeout='30']
      SELECT TOP(1) [a].[Id], [a].[ConcurrencyStamp], [a].[Name], [a].[NormalizedName]
      FROM [AspNetRoles] AS [a]
      WHERE [a].[NormalizedName] = @__normalizedName_0
info: Microsoft.EntityFrameworkCore.Database.Command[20101]
      Executed DbCommand (2ms) [Parameters=[@__role_Id_0='?' (Size = 450)], CommandType='Text', CommandTimeout='30']
      SELECT [a].[ClaimType], [a].[ClaimValue]
      FROM [AspNetRoleClaims] AS [a]
      WHERE [a].[RoleId] = @__role_Id_0
info: Microsoft.EntityFrameworkCore.Database.Command[20101]
      Executed DbCommand (2ms) [Parameters=[@__userId_0='?' (Size = 450)], CommandType='Text', CommandTimeout='30']
      SELECT [a0].[Name]
      FROM [AspNetUserRoles] AS [a]
      INNER JOIN [AspNetRoles] AS [a0] ON [a].[RoleId] = [a0].[Id]
      WHERE [a].[UserId] = @__userId_0
info: Microsoft.EntityFrameworkCore.Database.Command[20101]
      Executed DbCommand (6ms) [Parameters=[@__companyId_0='?' (DbType = Int32)], CommandType='Text', CommandTimeout='30']
      SELECT TOP(1) [c].[Id], [c].[Code], [c].[CreatedAt], [c].[Name], [c].[UpdatedAt]
      FROM [Companies] AS [c]
      WHERE [c].[Id] = @__companyId_0
info: Microsoft.EntityFrameworkCore.Database.Command[20101]
      Executed DbCommand (4ms) [Parameters=[@__ef_filter__p_0='?' (DbType = Boolean), @__ef_filter__CompanyId_1='?' (DbType = Int32), @__companyId_0='?' (DbType = Int32)], CommandType='Text', CommandTimeout='30']
      SELECT TOP(1) [c].[Id], [c].[Address], [c].[CompanyId], [c].[CreatedAt], [c].[DisplayName], [c].[Email], [c].[Industry], [c].[Phone], [c].[UpdatedAt], [c].[Website]
      FROM [CompanyProfiles] AS [c]
      WHERE (@__ef_filter__p_0 = CAST(1 AS bit) OR [c].[CompanyId] = @__ef_filter__CompanyId_1) AND [c].[CompanyId] = @__companyId_0
info: Microsoft.EntityFrameworkCore.Database.Command[20101]
      Executed DbCommand (4ms) [Parameters=[@__companyId_0='?' (DbType = Int32)], CommandType='Text', CommandTimeout='30']
      SELECT COUNT(*)
      FROM [AspNetUsers] AS [a]
      WHERE [a].[CompanyId] = @__companyId_0
info: Microsoft.EntityFrameworkCore.Database.Command[20101]
      Executed DbCommand (4ms) [Parameters=[@__ef_filter__p_0='?' (DbType = Boolean), @__ef_filter__CompanyId_1='?' (DbType = Int32)], CommandType='Text', CommandTimeout='30']
      SELECT COUNT(*)
      FROM [Products] AS [p]
      WHERE @__ef_filter__p_0 = CAST(1 AS bit) OR [p].[CompanyId] = @__ef_filter__CompanyId_1
info: Microsoft.EntityFrameworkCore.Database.Command[20101]
      Executed DbCommand (4ms) [Parameters=[@__ef_filter__p_0='?' (DbType = Boolean), @__ef_filter__CompanyId_1='?' (DbType = Int32)], CommandType='Text', CommandTimeout='30']
      SELECT COUNT(*)
      FROM [Materials] AS [m]
      WHERE @__ef_filter__p_0 = CAST(1 AS bit) OR [m].[CompanyId] = @__ef_filter__CompanyId_1
info: Microsoft.EntityFrameworkCore.Database.Command[20101]
      Executed DbCommand (5ms) [Parameters=[@__ef_filter__p_0='?' (DbType = Boolean), @__ef_filter__CompanyId_1='?' (DbType = Int32)], CommandType='Text', CommandTimeout='30']
      SELECT COUNT(*)
      FROM [WorkOrders] AS [w]
      WHERE @__ef_filter__p_0 = CAST(1 AS bit) OR [w].[CompanyId] = @__ef_filter__CompanyId_1
info: Microsoft.EntityFrameworkCore.Database.Command[20101]
      Executed DbCommand (5ms) [Parameters=[@__ef_filter__p_0='?' (DbType = Boolean), @__ef_filter__CompanyId_1='?' (DbType = Int32)], CommandType='Text', CommandTimeout='30']
      SELECT COUNT(*)
      FROM [ProductionSchedules] AS [p]
      WHERE (@__ef_filter__p_0 = CAST(1 AS bit) OR [p].[CompanyId] = @__ef_filter__CompanyId_1) AND [p].[Status] = N'in_progress'
info: Microsoft.EntityFrameworkCore.Database.Command[20101]
      Executed DbCommand (3ms) [Parameters=[@__ef_filter__p_0='?' (DbType = Boolean), @__ef_filter__CompanyId_1='?' (DbType = Int32)], CommandType='Text', CommandTimeout='30']
      SELECT COUNT(*)
      FROM [ProductionSchedules] AS [p]
      WHERE (@__ef_filter__p_0 = CAST(1 AS bit) OR [p].[CompanyId] = @__ef_filter__CompanyId_1) AND [p].[Status] = N'completed'
info: Microsoft.EntityFrameworkCore.Database.Command[20101]
      Executed DbCommand (4ms) [Parameters=[@__ef_filter__p_0='?' (DbType = Boolean), @__ef_filter__CompanyId_1='?' (DbType = Int32)], CommandType='Text', CommandTimeout='30']
      SELECT COUNT(*)
      FROM [WorkOrders] AS [w]
      WHERE (@__ef_filter__p_0 = CAST(1 AS bit) OR [w].[CompanyId] = @__ef_filter__CompanyId_1) AND [w].[Status] = N'ongoing'
info: Microsoft.EntityFrameworkCore.Database.Command[20101]
      Executed DbCommand (3ms) [Parameters=[@__p_0='?' (Size = 450)], CommandType='Text', CommandTimeout='30']
      SELECT TOP(1) [a].[Id], [a].[AccessFailedCount], [a].[ApprovedAt], [a].[ArchivedAt], [a].[CompanyId], [a].[ConcurrencyStamp], [a].[DateOfBirth], [a].[Email], [a].[EmailConfirmed], [a].[FullName], [a].[IsApproved], [a].[IsArchived], [a].[LockoutEnabled], [a].[LockoutEnd], [a].[MobileNumber], [a].[NormalizedEmail], [a].[NormalizedUserName], [a].[PasswordHash], [a].[PendingRole], [a].[PhoneNumber], [a].[PhoneNumberConfirmed], [a].[SecurityStamp], [a].[Sex], [a].[TwoFactorEnabled], [a].[UserName]
      FROM [AspNetUsers] AS [a]
      WHERE [a].[Id] = @__p_0
info: Microsoft.EntityFrameworkCore.Database.Command[20101]
      Executed DbCommand (2ms) [Parameters=[@__userId_0='?' (Size = 450)], CommandType='Text', CommandTimeout='30']
      SELECT [a0].[Name]
      FROM [AspNetUserRoles] AS [a]
      INNER JOIN [AspNetRoles] AS [a0] ON [a].[RoleId] = [a0].[Id]
      WHERE [a].[UserId] = @__userId_0
info: Microsoft.EntityFrameworkCore.Database.Command[20101]
      Executed DbCommand (2ms) [Parameters=[@__userId_0='?' (Size = 450)], CommandType='Text', CommandTimeout='30']
      SELECT [a0].[Name]
      FROM [AspNetUserRoles] AS [a]
      INNER JOIN [AspNetRoles] AS [a0] ON [a].[RoleId] = [a0].[Id]
      WHERE [a].[UserId] = @__userId_0
info: Microsoft.EntityFrameworkCore.Database.Command[20101]
      Executed DbCommand (7ms) [Parameters=[@__currentUser_Id_0='?' (Size = 450)], CommandType='Text', CommandTimeout='30']
      SELECT TOP(1) [u].[Id], [u].[Theme], [u].[UpdatedAt], [u].[UserId]
      FROM [UserSettings] AS [u]
      WHERE [u].[UserId] = @__currentUser_Id_0
info: Microsoft.EntityFrameworkCore.Database.Command[20101]
      Executed DbCommand (3ms) [Parameters=[@__p_0='?' (Size = 450)], CommandType='Text', CommandTimeout='30']
      SELECT TOP(1) [a].[Id], [a].[AccessFailedCount], [a].[ApprovedAt], [a].[ArchivedAt], [a].[CompanyId], [a].[ConcurrencyStamp], [a].[DateOfBirth], [a].[Email], [a].[EmailConfirmed], [a].[FullName], [a].[IsApproved], [a].[IsArchived], [a].[LockoutEnabled], [a].[LockoutEnd], [a].[MobileNumber], [a].[NormalizedEmail], [a].[NormalizedUserName], [a].[PasswordHash], [a].[PendingRole], [a].[PhoneNumber], [a].[PhoneNumberConfirmed], [a].[SecurityStamp], [a].[Sex], [a].[TwoFactorEnabled], [a].[UserName]
      FROM [AspNetUsers] AS [a]
      WHERE [a].[Id] = @__p_0
info: Microsoft.EntityFrameworkCore.Database.Command[20101]
      Executed DbCommand (4ms) [Parameters=[@__user_Id_0='?' (Size = 450)], CommandType='Text', CommandTimeout='30']
      SELECT COUNT(*)
      FROM [Notifications] AS [n]
      WHERE [n].[UserId] = @__user_Id_0 AND [n].[IsRead] = CAST(0 AS bit)
warn: PmesCSharp.Services.RecaptchaService[0]
      reCAPTCHA token is empty. Skipping validation (dev mode).
info: Microsoft.EntityFrameworkCore.Database.Command[20101]
      Executed DbCommand (3ms) [Parameters=[@__normalizedEmail_0='?' (Size = 256)], CommandType='Text', CommandTimeout='30']
      SELECT TOP(2) [a].[Id], [a].[AccessFailedCount], [a].[ApprovedAt], [a].[ArchivedAt], [a].[CompanyId], [a].[ConcurrencyStamp], [a].[DateOfBirth], [a].[Email], [a].[EmailConfirmed], [a].[FullName], [a].[IsApproved], [a].[IsArchived], [a].[LockoutEnabled], [a].[LockoutEnd], [a].[MobileNumber], [a].[NormalizedEmail], [a].[NormalizedUserName], [a].[PasswordHash], [a].[PendingRole], [a].[PhoneNumber], [a].[PhoneNumberConfirmed], [a].[SecurityStamp], [a].[Sex], [a].[TwoFactorEnabled], [a].[UserName]
      FROM [AspNetUsers] AS [a]
      WHERE [a].[NormalizedEmail] = @__normalizedEmail_0
warn: PmesCSharp.Services.RecaptchaService[0]
      reCAPTCHA token is empty. Skipping validation (dev mode).
info: Microsoft.EntityFrameworkCore.Database.Command[20101]
      Executed DbCommand (3ms) [Parameters=[@__normalizedEmail_0='?' (Size = 256)], CommandType='Text', CommandTimeout='30']
      SELECT TOP(2) [a].[Id], [a].[AccessFailedCount], [a].[ApprovedAt], [a].[ArchivedAt], [a].[CompanyId], [a].[ConcurrencyStamp], [a].[DateOfBirth], [a].[Email], [a].[EmailConfirmed], [a].[FullName], [a].[IsApproved], [a].[IsArchived], [a].[LockoutEnabled], [a].[LockoutEnd], [a].[MobileNumber], [a].[NormalizedEmail], [a].[NormalizedUserName], [a].[PasswordHash], [a].[PendingRole], [a].[PhoneNumber], [a].[PhoneNumberConfirmed], [a].[SecurityStamp], [a].[Sex], [a].[TwoFactorEnabled], [a].[UserName]
      FROM [AspNetUsers] AS [a]
      WHERE [a].[NormalizedEmail] = @__normalizedEmail_0
info: Microsoft.EntityFrameworkCore.Database.Command[20101]
      Executed DbCommand (2ms) [Parameters=[@__user_Id_0='?' (Size = 450)], CommandType='Text', CommandTimeout='30']
      SELECT [a].[Id], [a].[ClaimType], [a].[ClaimValue], [a].[UserId]
      FROM [AspNetUserClaims] AS [a]
      WHERE [a].[UserId] = @__user_Id_0
info: Microsoft.EntityFrameworkCore.Database.Command[20101]
      Executed DbCommand (2ms) [Parameters=[@__userId_0='?' (Size = 450)], CommandType='Text', CommandTimeout='30']
      SELECT [a0].[Name]
      FROM [AspNetUserRoles] AS [a]
      INNER JOIN [AspNetRoles] AS [a0] ON [a].[RoleId] = [a0].[Id]
      WHERE [a].[UserId] = @__userId_0
info: Microsoft.EntityFrameworkCore.Database.Command[20101]
      Executed DbCommand (2ms) [Parameters=[@__normalizedName_0='?' (Size = 256)], CommandType='Text', CommandTimeout='30']
      SELECT TOP(1) [a].[Id], [a].[ConcurrencyStamp], [a].[Name], [a].[NormalizedName]
      FROM [AspNetRoles] AS [a]
      WHERE [a].[NormalizedName] = @__normalizedName_0
info: Microsoft.EntityFrameworkCore.Database.Command[20101]
      Executed DbCommand (2ms) [Parameters=[@__role_Id_0='?' (Size = 450)], CommandType='Text', CommandTimeout='30']
      SELECT [a].[ClaimType], [a].[ClaimValue]
      FROM [AspNetRoleClaims] AS [a]
      WHERE [a].[RoleId] = @__role_Id_0
info: Microsoft.EntityFrameworkCore.Database.Command[20101]
      Executed DbCommand (2ms) [Parameters=[@__user_Id_0='?' (Size = 450)], CommandType='Text', CommandTimeout='30']
      SELECT [a].[Id], [a].[ClaimType], [a].[ClaimValue], [a].[UserId]
      FROM [AspNetUserClaims] AS [a]
      WHERE [a].[UserId] = @__user_Id_0
info: Microsoft.EntityFrameworkCore.Database.Command[20101]
      Executed DbCommand (2ms) [Parameters=[@__userId_0='?' (Size = 450)], CommandType='Text', CommandTimeout='30']
      SELECT [a0].[Name]
      FROM [AspNetUserRoles] AS [a]
      INNER JOIN [AspNetRoles] AS [a0] ON [a].[RoleId] = [a0].[Id]
      WHERE [a].[UserId] = @__userId_0
info: Microsoft.EntityFrameworkCore.Database.Command[20101]
      Executed DbCommand (2ms) [Parameters=[@__normalizedName_0='?' (Size = 256)], CommandType='Text', CommandTimeout='30']
      SELECT TOP(1) [a].[Id], [a].[ConcurrencyStamp], [a].[Name], [a].[NormalizedName]
      FROM [AspNetRoles] AS [a]
      WHERE [a].[NormalizedName] = @__normalizedName_0
info: Microsoft.EntityFrameworkCore.Database.Command[20101]
      Executed DbCommand (2ms) [Parameters=[@__role_Id_0='?' (Size = 450)], CommandType='Text', CommandTimeout='30']
      SELECT [a].[ClaimType], [a].[ClaimValue]
      FROM [AspNetRoleClaims] AS [a]
      WHERE [a].[RoleId] = @__role_Id_0
info: Microsoft.EntityFrameworkCore.Database.Command[20101]
      Executed DbCommand (2ms) [Parameters=[@__userId_0='?' (Size = 450)], CommandType='Text', CommandTimeout='30']
      SELECT [a0].[Name]
      FROM [AspNetUserRoles] AS [a]
      INNER JOIN [AspNetRoles] AS [a0] ON [a].[RoleId] = [a0].[Id]
      WHERE [a].[UserId] = @__userId_0
info: Microsoft.EntityFrameworkCore.Database.Command[20101]
      Executed DbCommand (2ms) [Parameters=[@__companyId_0='?' (DbType = Int32)], CommandType='Text', CommandTimeout='30']
      SELECT TOP(1) [c].[Id], [c].[Code], [c].[CreatedAt], [c].[Name], [c].[UpdatedAt]
      FROM [Companies] AS [c]
      WHERE [c].[Id] = @__companyId_0
info: Microsoft.EntityFrameworkCore.Database.Command[20101]
      Executed DbCommand (2ms) [Parameters=[@__ef_filter__p_0='?' (DbType = Boolean), @__ef_filter__CompanyId_1='?' (DbType = Int32), @__companyId_0='?' (DbType = Int32)], CommandType='Text', CommandTimeout='30']
      SELECT TOP(1) [c].[Id], [c].[Address], [c].[CompanyId], [c].[CreatedAt], [c].[DisplayName], [c].[Email], [c].[Industry], [c].[Phone], [c].[UpdatedAt], [c].[Website]
      FROM [CompanyProfiles] AS [c]
      WHERE (@__ef_filter__p_0 = CAST(1 AS bit) OR [c].[CompanyId] = @__ef_filter__CompanyId_1) AND [c].[CompanyId] = @__companyId_0
info: Microsoft.EntityFrameworkCore.Database.Command[20101]
      Executed DbCommand (2ms) [Parameters=[@__companyId_0='?' (DbType = Int32)], CommandType='Text', CommandTimeout='30']
      SELECT COUNT(*)
      FROM [AspNetUsers] AS [a]
      WHERE [a].[CompanyId] = @__companyId_0
info: Microsoft.EntityFrameworkCore.Database.Command[20101]
      Executed DbCommand (2ms) [Parameters=[@__ef_filter__p_0='?' (DbType = Boolean), @__ef_filter__CompanyId_1='?' (DbType = Int32)], CommandType='Text', CommandTimeout='30']
      SELECT COUNT(*)
      FROM [Products] AS [p]
      WHERE @__ef_filter__p_0 = CAST(1 AS bit) OR [p].[CompanyId] = @__ef_filter__CompanyId_1
info: Microsoft.EntityFrameworkCore.Database.Command[20101]
      Executed DbCommand (2ms) [Parameters=[@__ef_filter__p_0='?' (DbType = Boolean), @__ef_filter__CompanyId_1='?' (DbType = Int32)], CommandType='Text', CommandTimeout='30']
      SELECT COUNT(*)
      FROM [Materials] AS [m]
      WHERE @__ef_filter__p_0 = CAST(1 AS bit) OR [m].[CompanyId] = @__ef_filter__CompanyId_1
info: Microsoft.EntityFrameworkCore.Database.Command[20101]
      Executed DbCommand (2ms) [Parameters=[@__ef_filter__p_0='?' (DbType = Boolean), @__ef_filter__CompanyId_1='?' (DbType = Int32)], CommandType='Text', CommandTimeout='30']
      SELECT COUNT(*)
      FROM [WorkOrders] AS [w]
      WHERE @__ef_filter__p_0 = CAST(1 AS bit) OR [w].[CompanyId] = @__ef_filter__CompanyId_1
info: Microsoft.EntityFrameworkCore.Database.Command[20101]
      Executed DbCommand (2ms) [Parameters=[@__ef_filter__p_0='?' (DbType = Boolean), @__ef_filter__CompanyId_1='?' (DbType = Int32)], CommandType='Text', CommandTimeout='30']
      SELECT COUNT(*)
      FROM [ProductionSchedules] AS [p]
      WHERE (@__ef_filter__p_0 = CAST(1 AS bit) OR [p].[CompanyId] = @__ef_filter__CompanyId_1) AND [p].[Status] = N'in_progress'
info: Microsoft.EntityFrameworkCore.Database.Command[20101]
      Executed DbCommand (2ms) [Parameters=[@__ef_filter__p_0='?' (DbType = Boolean), @__ef_filter__CompanyId_1='?' (DbType = Int32)], CommandType='Text', CommandTimeout='30']
      SELECT COUNT(*)
      FROM [ProductionSchedules] AS [p]
      WHERE (@__ef_filter__p_0 = CAST(1 AS bit) OR [p].[CompanyId] = @__ef_filter__CompanyId_1) AND [p].[Status] = N'completed'
info: Microsoft.EntityFrameworkCore.Database.Command[20101]
      Executed DbCommand (2ms) [Parameters=[@__ef_filter__p_0='?' (DbType = Boolean), @__ef_filter__CompanyId_1='?' (DbType = Int32)], CommandType='Text', CommandTimeout='30']
      SELECT COUNT(*)
      FROM [WorkOrders] AS [w]
      WHERE (@__ef_filter__p_0 = CAST(1 AS bit) OR [w].[CompanyId] = @__ef_filter__CompanyId_1) AND [w].[Status] = N'ongoing'
info: Microsoft.EntityFrameworkCore.Database.Command[20101]
      Executed DbCommand (2ms) [Parameters=[@__p_0='?' (Size = 450)], CommandType='Text', CommandTimeout='30']
      SELECT TOP(1) [a].[Id], [a].[AccessFailedCount], [a].[ApprovedAt], [a].[ArchivedAt], [a].[CompanyId], [a].[ConcurrencyStamp], [a].[DateOfBirth], [a].[Email], [a].[EmailC