info: Microsoft.EntityFrameworkCore.Database.Command[20101]
      Executed DbCommand (82ms) [Parameters=[@__normalizedName_0='?' (Size = 256)], CommandType='Text', CommandTimeout='30']
      SELECT TOP(1) [a].[Id], [a].[ConcurrencyStamp], [a].[Name], [a].[NormalizedName]
      FROM [AspNetRoles] AS [a]
      WHERE [a].[NormalizedName] = @__normalizedName_0
info: Microsoft.EntityFrameworkCore.Database.Command[20101]
      Executed DbCommand (3ms) [Parameters=[@__normalizedName_0='?' (Size = 256)], CommandType='Text', CommandTimeout='30']
      SELECT TOP(1) [a].[Id], [a].[ConcurrencyStamp], [a].[Name], [a].[NormalizedName]
      FROM [AspNetRoles] AS [a]
      WHERE [a].[NormalizedName] = @__normalizedName_0
info: Microsoft.EntityFrameworkCore.Database.Command[20101]
      Executed DbCommand (2ms) [Parameters=[@__normalizedName_0='?' (Size = 256)], CommandType='Text', CommandTimeout='30']
      SELECT TOP(1) [a].[Id], [a].[ConcurrencyStamp], [a].[Name], [a].[NormalizedName]
      FROM [AspNetRoles] AS [a]
      WHERE [a].[NormalizedName] = @__normalizedName_0
info: Microsoft.EntityFrameworkCore.Database.Command[20101]
      Executed DbCommand (2ms) [Parameters=[@__normalizedName_0='?' (Size = 256)], CommandType='Text', CommandTimeout='30']
      SELECT TOP(1) [a].[Id], [a].[ConcurrencyStamp], [a].[Name], [a].[NormalizedName]
      FROM [AspNetRoles] AS [a]
      WHERE [a].[NormalizedName] = @__normalizedName_0
info: Microsoft.EntityFrameworkCore.Database.Command[20101]
      Executed DbCommand (2ms) [Parameters=[@__normalizedName_0='?' (Size = 256)], CommandType='Text', CommandTimeout='30']
      SELECT TOP(1) [a].[Id], [a].[ConcurrencyStamp], [a].[Name], [a].[NormalizedName]
      FROM [AspNetRoles] AS [a]
      WHERE [a].[NormalizedName] = @__normalizedName_0
info: Microsoft.EntityFrameworkCore.Database.Command[20101]
      Executed DbCommand (2ms) [Parameters=[@__normalizedName_0='?' (Size = 256)], CommandType='Text', CommandTimeout='30']
      SELECT TOP(1) [a].[Id], [a].[ConcurrencyStamp], [a].[Name], [a].[NormalizedName]
      FROM [AspNetRoles] AS [a]
      WHERE [a].[NormalizedName] = @__normalizedName_0
info: Microsoft.EntityFrameworkCore.Database.Command[20101]
      Executed DbCommand (4ms) [Parameters=[@__normalizedEmail_0='?' (Size = 256)], CommandType='Text', CommandTimeout='30']
      SELECT TOP(2) [a].[Id], [a].[AccessFailedCount], [a].[ApprovedAt], [a].[ArchivedAt], [a].[CompanyId], [a].[ConcurrencyStamp], [a].[Email], [a].[EmailConfirmed], [a].[FullName], [a].[IsApproved], [a].[IsArchived], [a].[LockoutEnabled], [a].[LockoutEnd], [a].[NormalizedEmail], [a].[NormalizedUserName], [a].[PasswordHash], [a].[PendingRole], [a].[PhoneNumber], [a].[PhoneNumberConfirmed], [a].[SecurityStamp], [a].[TwoFactorEnabled], [a].[UserName]
      FROM [AspNetUsers] AS [a]
      WHERE [a].[NormalizedEmail] = @__normalizedEmail_0
info: Microsoft.EntityFrameworkCore.Database.Command[20101]
      Executed DbCommand (3ms) [Parameters=[], CommandType='Text', CommandTimeout='30']
      SELECT 1
info: Microsoft.EntityFrameworkCore.Database.Command[20101]
      Executed DbCommand (3ms) [Parameters=[], CommandType='Text', CommandTimeout='30']
      SELECT OBJECT_ID(N'[__EFMigrationsHistory]');
info: Microsoft.EntityFrameworkCore.Database.Command[20101]
      Executed DbCommand (0ms) [Parameters=[], CommandType='Text', CommandTimeout='30']
      SELECT 1
info: Microsoft.EntityFrameworkCore.Database.Command[20101]
      Executed DbCommand (1ms) [Parameters=[], CommandType='Text', CommandTimeout='30']
      SELECT OBJECT_ID(N'[__EFMigrationsHistory]');
info: Microsoft.EntityFrameworkCore.Database.Command[20101]
      Executed DbCommand (2ms) [Parameters=[], CommandType='Text', CommandTimeout='30']
      SELECT [MigrationId], [ProductVersion]
      FROM [__EFMigrationsHistory]
      ORDER BY [MigrationId];
info: Microsoft.EntityFrameworkCore.Migrations[20405]
      No migrations were applied. The database is already up to date.
info: Microsoft.Hosting.Lifetime[0]
      Application started. Press Ctrl+C to shut down.
info: Microsoft.Hosting.Lifetime[0]
      Hosting environment: Development
info: Microsoft.Hosting.Lifetime[0]
      Content root path: C:\Users\lubia\source\repos\PmesCSharp
info: Microsoft.EntityFrameworkCore.Database.Command[20101]
      Executed DbCommand (5ms) [Parameters=[@__ef_filter__p_0='?' (DbType = Boolean), @__ef_filter__CompanyId_1='?' (DbType = Int32), @__tokenHash_0='?' (Size = 64), @__now_1='?' (DbType = DateTime2)], CommandType='Text', CommandTimeout='30']
      SELECT TOP(1) [c].[Id], [c].[Code], [c].[CompanyId], [c].[ConsumedAt], [c].[CreatedAt], [c].[CreatedByUserId], [c].[ExpiresAt], [c].[InvitedEmail], [c].[MaxUses], [c].[RevokedAt], [c].[Role], [c].[TokenHash], [c].[UsesCount]
      FROM [CompanyInvites] AS [c]
      WHERE (@__ef_filter__p_0 = CAST(1 AS bit) OR [c].[CompanyId] = @__ef_filter__CompanyId_1) AND [c].[TokenHash] = @__tokenHash_0 AND [c].[RevokedAt] IS NULL AND [c].[ExpiresAt] > @__now_1 AND [c].[UsesCount] < [c].[MaxUses]
info: Microsoft.EntityFrameworkCore.Database.Command[20101]
      Executed DbCommand (4ms) [Parameters=[@__ef_filter__p_0='?' (DbType = Boolean), @__ef_filter__CompanyId_1='?' (DbType = Int32), @__id_0='?' (DbType = Int32)], CommandType='Text', CommandTimeout='30']
      SELECT TOP(1) [c].[Id], [c].[Code], [c].[CompanyId], [c].[ConsumedAt], [c].[CreatedAt], [c].[CreatedByUserId], [c].[ExpiresAt], [c].[InvitedEmail], [c].[MaxUses], [c].[RevokedAt], [c].[Role], [c].[TokenHash], [c].[UsesCount]
      FROM [CompanyInvites] AS [c]
      WHERE (@__ef_filter__p_0 = CAST(1 AS bit) OR [c].[CompanyId] = @__ef_filter__CompanyId_1) AND [c].[Id] = @__id_0
info: Microsoft.EntityFrameworkCore.Database.Command[20101]
      Executed DbCommand (4ms) [Parameters=[@p1='?' (DbType = Int32), @p0='?' (DbType = DateTime2)], CommandType='Text', CommandTimeout='30']
      SET IMPLICIT_TRANSACTIONS OFF;
      SET NOCOUNT ON;
      UPDATE [CompanyInvites] SET [RevokedAt] = @p0
      OUTPUT 1
      WHERE [Id] = @p1;
info: Microsoft.EntityFrameworkCore.Database.Command[20101]
      Executed DbCommand (4ms) [Parameters=[@__p_0='?' (Size = 450)], CommandType='Text', CommandTimeout='30']
      SELECT TOP(1) [a].[Id], [a].[AccessFailedCount], [a].[ApprovedAt], [a].[ArchivedAt], [a].[CompanyId], [a].[ConcurrencyStamp], [a].[Email], [a].[EmailConfirmed], [a].[FullName], [a].[IsApproved], [a].[IsArchived], [a].[LockoutEnabled], [a].[LockoutEnd], [a].[NormalizedEmail], [a].[NormalizedUserName], [a].[PasswordHash], [a].[PendingRole], [a].[PhoneNumber], [a].[PhoneNumberConfirmed], [a].[SecurityStamp], [a].[TwoFactorEnabled], [a].[UserName]
      FROM [AspNetUsers] AS [a]
      WHERE [a].[Id] = @__p_0
info: Microsoft.EntityFrameworkCore.Database.Command[20101]
      Executed DbCommand (5ms) [Parameters=[@p0='?' (Size = 100), @p1='?' (Size = 450), @p2='?' (DbType = Int32), @p3='?' (DbType = DateTime2), @p4='?' (Size = 4000), @p5='?' (Size = 100), @p6='?' (Size = 100), @p7='?' (Size = 45), @p8='?' (Size = 255)], CommandType='Text', CommandTimeout='30']
      SET IMPLICIT_TRANSACTIONS OFF;
      SET NOCOUNT ON;
      INSERT INTO [AuditLogs] ([Action], [ActorUserId], [CompanyId], [CreatedAt], [Details], [EntityId], [EntityType], [IpAddress], [UserAgent])
      OUTPUT INSERTED.[Id]
      VALUES (@p0, @p1, @p2, @p3, @p4, @p5, @p6, @p7, @p8);
info: Microsoft.EntityFrameworkCore.Database.Command[20101]
      Executed DbCommand (6ms) [Parameters=[@__p_1='?' (DbType = Int32), @__now_2='?' (DbType = DateTime2), @__ef_filter__p_0='?' (DbType = Boolean), @__ef_filter__CompanyId_1='?' (DbType = Int32), @__companyId_0='?' (DbType = Int32)], CommandType='Text', CommandTimeout='30']
      SELECT TOP(@__p_1) [c].[Id], [c].[InvitedEmail] AS [Email], [c].[Role], [c].[Code], [c].[ExpiresAt], [c].[UsesCount], [c].[MaxUses], CASE
          WHEN [c].[RevokedAt] IS NULL AND [c].[ExpiresAt] > @__now_2 AND [c].[UsesCount] < [c].[MaxUses] THEN CAST(1 AS bit)
          ELSE CAST(0 AS bit)
      END AS [IsActive]
      FROM [CompanyInvites] AS [c]
      WHERE (@__ef_filter__p_0 = CAST(1 AS bit) OR [c].[CompanyId] = @__ef_filter__CompanyId_1) AND [c].[CompanyId] = @__companyId_0
      ORDER BY [c].[CreatedAt] DESC
info: Microsoft.EntityFrameworkCore.Database.Command[20101]
      Executed DbCommand (2ms) [Parameters=[@__p_0='?' (Size = 450)], CommandType='Text', CommandTimeout='30']
      SELECT TOP(1) [a].[Id], [a].[AccessFailedCount], [a].[ApprovedAt], [a].[ArchivedAt], [a].[CompanyId], [a].[ConcurrencyStamp], [a].[Email], [a].[EmailConfirmed], [a].[FullName], [a].[IsApproved], [a].[IsArchived], [a].[LockoutEnabled], [a].[LockoutEnd], [a].[NormalizedEmail], [a].[NormalizedUserName], [a].[PasswordHash], [a].[PendingRole], [a].[PhoneNumber], [a].[PhoneNumberConfirmed], [a].[SecurityStamp], [a].[TwoFactorEnabled], [a].[UserName]
      FROM [AspNetUsers] AS [a]
      WHERE [a].[Id] = @__p_0
info: Microsoft.EntityFrameworkCore.Database.Command[20101]
      Executed DbCommand (4ms) [Parameters=[@__userId_0='?' (Size = 450)], CommandType='Text', CommandTimeout='30']
      SELECT [a0].[Name]
      FROM [AspNetUserRoles] AS [a]
      INNER JOIN [AspNetRoles] AS [a0] ON [a].[RoleId] = [a0].[Id]
      WHERE [a].[UserId] = @__userId_0
info: Microsoft.EntityFrameworkCore.Database.Command[20101]
      Executed DbCommand (2ms) [Parameters=[@__p_0='?' (Size = 450)], CommandType='Text', CommandTimeout='30']
      SELECT TOP(1) [a].[Id], [a].[AccessFailedCount], [a].[ApprovedAt], [a].[ArchivedAt], [a].[CompanyId], [a].[ConcurrencyStamp], [a].[Email], [a].[EmailConfirmed], [a].[FullName], [a].[IsApproved], [a].[IsArchived], [a].[LockoutEnabled], [a].[LockoutEnd], [a].[NormalizedEmail], [a].[NormalizedUserName], [a].[PasswordHash], [a].[PendingRole], [a].[PhoneNumber], [a].[PhoneNumberConfirmed], [a].[SecurityStamp], [a].[TwoFactorEnabled], [a].[UserName]
      FROM [AspNetUsers] AS [a]
      WHERE [a].[Id] = @__p_0
info: Microsoft.EntityFrameworkCore.Database.Command[20101]
      Executed DbCommand (4ms) [Parameters=[@p0='?' (Size = 32), @p1='?' (DbType = Int32), @p2='?' (DbType = DateTime2), @p3='?' (DbType = DateTime2), @p4='?' (Size = 450), @p5='?' (DbType = DateTime2), @p6='?' (Size = 256), @p7='?' (DbType = Int32), @p8='?' (DbType = DateTime2), @p9='?' (Size = 32), @p10='?' (Size = 64), @p11='?' (DbType = Int32)], CommandType='Text', CommandTimeout='30']
      SET IMPLICIT_TRANSACTIONS OFF;
      SET NOCOUNT ON;
      INSERT INTO [CompanyInvites] ([Code], [CompanyId], [ConsumedAt], [CreatedAt], [CreatedByUserId], [ExpiresAt], [InvitedEmail], [MaxUses], [RevokedAt], [Role], [TokenHash], [UsesCount])
      OUTPUT INSERTED.[Id]
      VALUES (@p0, @p1, @p2, @p3, @p4, @p5, @p6, @p7, @p8, @p9, @p10, @p11);
info: Microsoft.EntityFrameworkCore.Database.Command[20101]
      Executed DbCommand (3ms) [Parameters=[@p0='?' (Size = 100), @p1='?' (Size = 450), @p2='?' (DbType = Int32), @p3='?' (DbType = DateTime2), @p4='?' (Size = 4000), @p5='?' (Size = 100), @p6='?' (Size = 100), @p7='?' (Size = 45), @p8='?' (Size = 255)], CommandType='Text', CommandTimeout='30']
      SET IMPLICIT_TRANSACTIONS OFF;
      SET NOCOUNT ON;
      INSERT INTO [AuditLogs] ([Action], [ActorUserId], [CompanyId], [CreatedAt], [Details], [EntityId], [EntityType], [IpAddress], [UserAgent])
      OUTPUT INSERTED.[Id]
      VALUES (@p0, @p1, @p2, @p3, @p4, @p5, @p6, @p7, @p8);
info: Microsoft.EntityFrameworkCore.Database.Command[20101]
      Executed DbCommand (2ms) [Parameters=[@__p_1='?' (DbType = Int32), @__now_2='?' (DbType = DateTime2), @__ef_filter__p_0='?' (DbType = Boolean), @__ef_filter__CompanyId_1='?' (DbType = Int32), @__companyId_0='?' (DbType = Int32)], CommandType='Text', CommandTimeout='30']
      SELECT TOP(@__p_1) [c].[Id], [c].[InvitedEmail] AS [Email], [c].[Role], [c].[Code], [c].[ExpiresAt], [c].[UsesCount], [c].[MaxUses], CASE
          WHEN [c].[RevokedAt] IS NULL AND [c].[ExpiresAt] > @__now_2 AND [c].[UsesCount] < [c].[MaxUses] THEN CAST(1 AS bit)
          ELSE CAST(0 AS bit)
      END AS [IsActive]
      FROM [CompanyInvites] AS [c]
      WHERE (@__ef_filter__p_0 = CAST(1 AS bit) OR [c].[CompanyId] = @__ef_filter__CompanyId_1) AND [c].[CompanyId] = @__companyId_0
      ORDER BY [c].[CreatedAt] DESC
info: Microsoft.EntityFrameworkCore.Database.Command[20101]
      Executed DbCommand (2ms) [Parameters=[@__p_0='?' (Size = 450)], CommandType='Text', CommandTimeout='30']
      SELECT TOP(1) [a].[Id], [a].[AccessFailedCount], [a].[ApprovedAt], [a].[ArchivedAt], [a].[CompanyId], [a].[ConcurrencyStamp], [a].[Email], [a].[EmailConfirmed], [a].[FullName], [a].[IsApproved], [a].[IsArchived], [a].[LockoutEnabled], [a].[LockoutEnd], [a].[NormalizedEmail], [a].[NormalizedUserName], [a].[PasswordHash], [a].[PendingRole], [a].[PhoneNumber], [a].[PhoneNumberConfirmed], [a].[SecurityStamp], [a].[TwoFactorEnabled], [a].[UserName]
      FROM [AspNetUsers] AS [a]
      WHERE [a].[Id] = @__p_0
info: Microsoft.EntityFrameworkCore.Database.Command[20101]
      Executed DbCommand (2ms) [Parameters=[@__userId_0='?' (Size = 450)], CommandType='Text', CommandTimeout='30']
      SELECT [a0].[Name]
      FROM [AspNetUserRoles] AS [a]
      INNER JOIN [AspNetRoles] AS [a0] ON [a].[RoleId] = [a0].[Id]
      WHERE [a].[UserId] = @__userId_0
info: Microsoft.EntityFrameworkCore.Database.Command[20101]
      Executed DbCommand (7ms) [Parameters=[@__ef_filter__p_0='?' (DbType = Boolean), @__ef_filter__CompanyId_1='?' (DbType = Int32), @__tokenHash_0='?' (Size = 64), @__now_1='?' (DbType = DateTime2)], CommandType='Text', CommandTimeout='30']
      SELECT TOP(1) [c].[Id], [c].[Code], [c].[CompanyId], [c].[ConsumedAt], [c].[CreatedAt], [c].[CreatedByUserId], [c].[ExpiresAt], [c].[InvitedEmail], [c].[MaxUses], [c].[RevokedAt], [c].[Role], [c].[TokenHash], [c].[UsesCount]
      FROM [CompanyInvites] AS [c]
      WHERE (@__ef_filter__p_0 = CAST(1 AS bit) OR [c].[CompanyId] = @__ef_filter__CompanyId_1) AND [c].[TokenHash] = @__tokenHash_0 AND [c].[RevokedAt] IS NULL AND [c].[ExpiresAt] > @__now_1 AND [c].[UsesCount] < [c].[MaxUses]
info: Microsoft.EntityFrameworkCore.Database.Command[20101]
      Executed DbCommand (2ms) [Parameters=[@__ef_filter__p_0='?' (DbType = Boolean), @__ef_filter__CompanyId_1='?' (DbType = Int32), @__tokenHash_0='?' (Size = 64), @__now_1='?' (DbType = DateTime2)], CommandType='Text', CommandTimeout='30']
      SELECT TOP(1) [c].[Id], [c].[Code], [c].[CompanyId], [c].[ConsumedAt], [c].[CreatedAt], [c].[CreatedByUserId], [c].[ExpiresAt], [c].[InvitedEmail], [c].[MaxUses], [c].[RevokedAt], [c].[Role], [c].[TokenHash], [c].[UsesCount]
      FROM [CompanyInvites] AS [c]
      WHERE (@__ef_filter__p_0 = CAST(1 AS bit) OR [c].[CompanyId] = @__ef_filter__CompanyId_1) AND [c].[TokenHash] = @__tokenHash_0 AND [c].[RevokedAt] IS NULL AND [c].[ExpiresAt] > @__now_1 AND [c].[UsesCount] < [c].[MaxUses]
info: Microsoft.EntityFrameworkCore.Database.Command[20101]
      Executed DbCommand (5ms) [Parameters=[@__normalizedEmail_0='?' (Size = 256)], CommandType='Text', CommandTimeout='30']
      SELECT TOP(2) [a].[Id], [a].[AccessFailedCount], [a].[ApprovedAt], [a].[ArchivedAt], [a].[CompanyId], [a].[ConcurrencyStamp], [a].[Email], [a].[EmailConfirmed], [a].[FullName], [a].[IsApproved], [a].[IsArchived], [a].[LockoutEnabled], [a].[LockoutEnd], [a].[NormalizedEmail], [a].[NormalizedUserName], [a].[PasswordHash], [a].[PendingRole], [a].[PhoneNumber], [a].[PhoneNumberConfirmed], [a].[SecurityStamp], [a].[TwoFactorEnabled], [a].[UserName]
      FROM [AspNetUsers] AS [a]
      WHERE [a].[NormalizedEmail] = @__normalizedEmail_0
info: Microsoft.EntityFrameworkCore.Database.Command[20101]
      Executed DbCommand (2ms) [Parameters=[@__ef_filter__p_0='?' (DbType = Boolean), @__ef_filter__CompanyId_1='?' (DbType = Int32), @__tokenHash_0='?' (Size = 64), @__now_1='?' (DbType = DateTime2)], CommandType='Text', CommandTimeout='30']
      SELECT TOP(1) [c].[Id], [c].[Code], [c].[CompanyId], [c].[ConsumedAt], [c].[CreatedAt], [c].[CreatedByUserId], [c].[ExpiresAt], [c].[InvitedEmail], [c].[MaxUses], [c].[RevokedAt], [c].[Role], [c].[TokenHash], [c].[UsesCount]
      FROM [CompanyInvites] AS [c]
      WHERE (@__ef_filter__p_0 = CAST(1 AS bit) OR [c].[CompanyId] = @__ef_filter__CompanyId_1) AND [c].[TokenHash] = @__tokenHash_0 AND [c].[RevokedAt] IS NULL AND [c].[ExpiresAt] > @__now_1 AND [c].[UsesCount] < [c].[MaxUses]
info: Microsoft.EntityFrameworkCore.Database.Command[20101]
      Executed DbCommand (2ms) [Parameters=[@__normalizedEmail_0='?' (Size = 256)], CommandType='Text', CommandTimeout='30']
      SELECT TOP(2) [a].[Id], [a].[AccessFailedCount], [a].[ApprovedAt], [a].[ArchivedAt], [a].[CompanyId], [a].[ConcurrencyStamp], [a].[Email], [a].[EmailConfirmed], [a].[FullName], [a].[IsApproved], [a].[IsArchived], [a].[LockoutEnabled], [a].[LockoutEnd], [a].[NormalizedEmail], [a].[NormalizedUserName], [a].[PasswordHash], [a].[PendingRole], [a].[PhoneNumber], [a].[PhoneNumberConfirmed], [a].[SecurityStamp], [a].[TwoFactorEnabled], [a].[UserName]
      FROM [AspNetUsers] AS [a]
      WHERE [a].[NormalizedEmail] = @__normalizedEmail_0
info: Microsoft.EntityFrameworkCore.Database.Command[20101]
      Executed DbCommand (4ms) [Parameters=[@__normalizedUserName_0='?' (Size = 256)], CommandType='Text', CommandTimeout='30']
      SELECT TOP(1) [a].[Id], [a].[AccessFailedCount], [a].[ApprovedAt], [a].[ArchivedAt], [a].[CompanyId], [a].[ConcurrencyStamp], [a].[Email], [a].[EmailConfirmed], [a].[FullName], [a].[IsApproved], [a].[IsArchived], [a].[LockoutEnabled], [a].[LockoutEnd], [a].[NormalizedEmail], [a].[NormalizedUserName], [a].[PasswordHash], [a].[PendingRole], [a].[PhoneNumber], [a].[PhoneNumberConfirmed], [a].[SecurityStamp], [a].[TwoFactorEnabled], [a].[UserName]
      FROM [AspNetUsers] AS [a]
      WHERE [a].[NormalizedUserName] = @__normalizedUserName_0
info: Microsoft.EntityFrameworkCore.Database.Command[20101]
      Executed DbCommand (11ms) [Parameters=[@p0='?' (Size = 450), @p1='?' (DbType = Int32), @p2='?' (DbType = DateTime2), @p3='?' (DbType = DateTime2), @p4='?' (DbType = Int32), @p5='?' (Size = 4000), @p6='?' (Size = 256), @p7='?' (DbType = Boolean), @p8='?' (Size = 4000), @p9='?' (DbType = Boolean), @p10='?' (DbType = Boolean), @p11='?' (DbType = Boolean), @p12='?' (DbType = DateTimeOffset), @p13='?' (Size = 256), @p14='?' (Size = 256), @p15='?' (Size = 4000), @p16='?' (Size = 32), @p17='?' (Size = 4000), @p18='?' (DbType = Boolean), @p19='?' (Size = 4000), @p20='?' (DbType = Boolean), @p21='?' (Size = 256)], CommandType='Text', CommandTimeout='30']
      SET IMPLICIT_TRANSACTIONS OFF;
      SET NOCOUNT ON;
      INSERT INTO [AspNetUsers] ([Id], [AccessFailedCount], [ApprovedAt], [ArchivedAt], [CompanyId], [ConcurrencyStamp], [Email], [EmailConfirmed], [FullName], [IsApproved], [IsArchived], [LockoutEnabled], [LockoutEnd], [NormalizedEmail], [NormalizedUserName], [PasswordHash], [PendingRole], [PhoneNumber], [PhoneNumberConfirmed], [SecurityStamp], [TwoFactorEnabled], [UserName])
      VALUES (@p0, @p1, @p2, @p3, @p4, @p5, @p6, @p7, @p8, @p9, @p10, @p11, @p12, @p13, @p14, @p15, @p16, @p17, @p18, @p19, @p20, @p21);
info: Microsoft.EntityFrameworkCore.Database.Command[20101]
      Executed DbCommand (4ms) [Parameters=[@__normalizedRoleName_0='?' (Size = 256)], CommandType='Text', CommandTimeout='30']
      SELECT TOP(2) [a].[Id], [a].[ConcurrencyStamp], [a].[Name], [a].[NormalizedName]
      FROM [AspNetRoles] AS [a]
      WHERE [a].[NormalizedName] = @__normalizedRoleName_0
info: Microsoft.EntityFrameworkCore.Database.Command[20101]
      Executed DbCommand (4ms) [Parameters=[@__p_0='?' (Size = 450), @__p_1='?' (Size = 450)], CommandType='Text', CommandTimeout='30']
      SELECT TOP(1) [a].[UserId], [a].[RoleId]
      FROM [AspNetUserRoles] AS [a]
      WHERE [a].[UserId] = @__p_0 AND [a].[RoleId] = @__p_1
info: Microsoft.EntityFrameworkCore.Database.Command[20101]
      Executed DbCommand (2ms) [Parameters=[@__normalizedRoleName_0='?' (Size = 256)], CommandType='Text', CommandTimeout='30']
      SELECT TOP(2) [a].[Id], [a].[ConcurrencyStamp], [a].[Name], [a].[NormalizedName]
      FROM [AspNetRoles] AS [a]
      WHERE [a].[NormalizedName] = @__normalizedRoleName_0
info: Microsoft.EntityFrameworkCore.Database.Command[20101]
      Executed DbCommand (2ms) [Parameters=[@__normalizedUserName_0='?' (Size = 256)], CommandType='Text', CommandTimeout='30']
      SELECT TOP(1) [a].[Id], [a].[AccessFailedCount], [a].[ApprovedAt], [a].[ArchivedAt], [a].[CompanyId], [a].[ConcurrencyStamp], [a].[Email], [a].[EmailConfirmed], [a].[FullName], [a].[IsApproved], [a].[IsArchived], [a].[LockoutEnabled], [a].[LockoutEnd], [a].[NormalizedEmail], [a].[NormalizedUserName], [a].[PasswordHash], [a].[PendingRole], [a].[PhoneNumber], [a].[PhoneNumberConfirmed], [a].[SecurityStamp], [a].[TwoFactorEnabled], [a].[UserName]
      FROM [AspNetUsers] AS [a]
      WHERE [a].[NormalizedUserName] = @__normalizedUserName_0
info: Microsoft.EntityFrameworkCore.Database.Command[20101]
      Executed DbCommand (12ms) [Parameters=[@p0='?' (Size = 450), @p1='?' (Size = 450), @p23='?' (Size = 450), @p2='?' (DbType = Int32), @p3='?' (DbType = DateTime2), @p4='?' (DbType = DateTime2), @p5='?' (DbType = Int32), @p6='?' (Size = 4000), @p24='?' (Size = 4000), @p7='?' (Size = 256), @p8='?' (DbType = Boolean), @p9='?' (Size = 4000), @p10='?' (DbType = Boolean), @p11='?' (DbType = Boolean), @p12='?' (DbType = Boolean), @p13='?' (DbType = DateTimeOffset), @p14='?' (Size = 256), @p15='?' (Size = 256), @p16='?' (Size = 4000), @p17='?' (Size = 32), @p18='?' (Size = 4000), @p19='?' (DbType = Boolean), @p20='?' (Size = 4000), @p21='?' (DbType = Boolean), @p22='?' (Size = 256)], CommandType='Text', CommandTimeout='30']
      SET NOCOUNT ON;
      INSERT INTO [AspNetUserRoles] ([RoleId], [UserId])
      VALUES (@p0, @p1);
      UPDATE [AspNetUsers] SET [AccessFailedCount] = @p2, [ApprovedAt] = @p3, [ArchivedAt] = @p4, [CompanyId] = @p5, [ConcurrencyStamp] = @p6, [Email] = @p7, [EmailConfirmed] = @p8, [FullName] = @p9, [IsApproved] = @p10, [IsArchived] = @p11, [LockoutEnabled] = @p12, [LockoutEnd] = @p13, [NormalizedEmail] = @p14, [NormalizedUserName] = @p15, [PasswordHash] = @p16, [PendingRole] = @p17, [PhoneNumber] = @p18, [PhoneNumberConfirmed] = @p19, [SecurityStamp] = @p20, [TwoFactorEnabled] = @p21, [UserName] = @p22
      OUTPUT 1
      WHERE [Id] = @p23 AND [ConcurrencyStamp] = @p24;
info: Microsoft.EntityFrameworkCore.Database.Command[20101]
      Executed DbCommand (4ms) [Parameters=[@p2='?' (DbType = Int32), @p0='?' (DbType = DateTime2), @p1='?' (DbType = Int32)], CommandType='Text', CommandTimeout='30']
      SET IMPLICIT_TRANSACTIONS OFF;
      SET NOCOUNT ON;
      UPDATE [CompanyInvites] SET [ConsumedAt] = @p0, [UsesCount] = @p1
      OUTPUT 1
      WHERE [Id] = @p2;
info: Microsoft.EntityFrameworkCore.Database.Command[20101]
      Executed DbCommand (3ms) [Parameters=[@__user_Id_0='?' (Size = 450)], CommandType='Text', CommandTimeout='30']
      SELECT [a].[Id], [a].[ClaimType], [a].[ClaimValue], [a].[UserId]
      FROM [AspNetUserClaims] AS [a]
      WHERE [a].[UserId] = @__user_Id_0
info: Microsoft.EntityFrameworkCore.Database.Command[20101]
      Executed DbCommand (4ms) [Parameters=[@__userId_0='?' (Size = 450)], CommandType='Text', CommandTimeout='30']
      SELECT [a0].[Name]
      FROM [AspNetUserRoles] AS [a]
      INNER JOIN [AspNetRoles] AS [a0] ON [a].[RoleId] = [a0].[Id]
      WHERE [a].[UserId] = @__userId_0
info: Microsoft.EntityFrameworkCore.Database.Command[20101]
      Executed DbCommand (4ms) [Parameters=[@__normalizedName_0='?' (Size = 256)], CommandType='Text', CommandTimeout='30']
      SELECT TOP(1) [a].[Id], [a].[ConcurrencyStamp], [a].[Name], [a].[NormalizedName]
      FROM [AspNetRoles] AS [a]
      WHERE [a].[NormalizedName] = @__normalizedName_0
info: Microsoft.EntityFrameworkCore.Database.Command[20101]
      Executed DbCommand (3ms) [Parameters=[@__role_Id_0='?' (Size = 450)], CommandType='Text', CommandTimeout='30']
      SELECT [a].[ClaimType], [a].[ClaimValue]
      FROM [AspNetRoleClaims] AS [a]
      WHERE [a].[RoleId] = @__role_Id_0
info: Microsoft.EntityFrameworkCore.Database.Command[20101]
      Executed DbCommand (4ms) [Parameters=[@__p_0='?' (Size = 450)], CommandType='Text', CommandTimeout='30']
      SELECT TOP(1) [a].[Id], [a].[AccessFailedCount], [a].[ApprovedAt], [a].[ArchivedAt], [a].[CompanyId], [a].[ConcurrencyStamp], [a].[Email], [a].[EmailConfirmed], [a].[FullName], [a].[IsApproved], [a].[IsArchived], [a].[LockoutEnabled], [a].[LockoutEnd], [a].[NormalizedEmail], [a].[NormalizedUserName], [a].[PasswordHash], [a].[PendingRole], [a].[PhoneNumber], [a].[PhoneNumberConfirmed], [a].[SecurityStamp], [a].[TwoFactorEnabled], [a].[UserName]
      FROM [AspNetUsers] AS [a]
      WHERE [a].[Id] = @__p_0
info: Microsoft.EntityFrameworkCore.Database.Command[20101]
      Executed DbCommand (2ms) [Parameters=[@__userId_0='?' (Size = 450)], CommandType='Text', CommandTimeout='30']
      SELECT [a0].[Name]
      FROM [AspNetUserRoles] AS [a]
      INNER JOIN [AspNetRoles] AS [a0] ON [a].[RoleId] = [a0].[Id]
      WHERE [a].[UserId] = @__userId_0
warn: Microsoft.EntityFrameworkCore.Query[20504]
      Compiling a query which loads related collections for more than one collection navigation, either via 'Include' or through projection, but no 'QuerySplittingBehavior' has been configured. By default, Entity Framework will use 'QuerySplittingBehavior.SingleQuery', which can potentially result in slow query performance. See https://go.microsoft.com/fwlink/?linkid=2134277 for more information. To identify the query that's triggering this warning call 'ConfigureWarnings(w => w.Throw(RelationalEventId.MultipleCollectionIncludeWarning))'.
info: Microsoft.EntityFrameworkCore.Database.Command[20101]
      Executed DbCommand (27ms) [Parameters=[@__ef_filter__p_0='?' (DbType = Boolean), @__ef_filter__CompanyId_1='?' (DbType = Int32), @__p_0='?' (DbType = Int32), @__p_1='?' (DbType = Int32)], CommandType='Text', CommandTimeout='30']
      SELECT [t].[Id], [t].[CancelledAt], [t].[CompanyId], [t].[CompletedAt], [t].[CreatedAt], [t].[CreatedByUserId], [t].[ExpectedEndAt], [t].[PlannedQuantity], [t].[ProductId], [t].[ScheduleDate], [t].[StartedAt], [t].[Status], [t].[UpdatedAt], [t0].[Id], [t0].[CompanyId], [t0].[CreatedAt], [t0].[Description], [t0].[ProductCode], [t0].[ProductName], [t0].[Status], [t0].[Unit], [t0].[UnitPrice], [t0].[UpdatedAt], [t1].[Id], [t1].[ActualQty], [t1].[AssignedToUserId], [t1].[CompanyId], [t1].[CreatedAt], [t1].[FinishedAt], [t1].[PlannedQty], [t1].[ProcessStep], [t1].[ProductionScheduleId], [t1].[StartedAt], [t1].[Status], [t1].[UpdatedAt], [t1].[WorkOrderNo], [t2].[Id], [t2].[CompanyId], [t2].[CreatedAt], [t2].[InspectedAt], [t2].[InspectedByUserId], [t2].[ProductionScheduleId], [t2].[QtyFailed], [t2].[QtyPassed], [t2].[Remarks], [t2].[Result], [t2].[UpdatedAt]
      FROM (
          SELECT [p].[Id], [p].[CancelledAt], [p].[CompanyId], [p].[CompletedAt], [p].[CreatedAt], [p].[CreatedByUserId], [p].[ExpectedEndAt], [p].[PlannedQuantity], [p].[ProductId], [p].[ScheduleDate], [p].[StartedAt], [p].[Status], [p].[UpdatedAt]
          FROM [ProductionSchedules] AS [p]
          WHERE @__ef_filter__p_0 = CAST(1 AS bit) OR [p].[CompanyId] = @__ef_filter__CompanyId_1
          ORDER BY [p].[Id] DESC
          OFFSET @__p_0 ROWS FETCH NEXT @__p_1 ROWS ONLY
      ) AS [t]
      INNER JOIN (
          SELECT [p0].[Id], [p0].[CompanyId], [p0].[CreatedAt], [p0].[Description], [p0].[ProductCode], [p0].[ProductName], [p0].[Status], [p0].[Unit], [p0].[UnitPrice], [p0].[UpdatedAt]
          FROM [Products] AS [p0]
          WHERE @__ef_filter__p_0 = CAST(1 AS bit) OR [p0].[CompanyId] = @__ef_filter__CompanyId_1
      ) AS [t0] ON [t].[ProductId] = [t0].[Id]
      LEFT JOIN (
          SELECT [w].[Id], [w].[ActualQty], [w].[AssignedToUserId], [w].[CompanyId], [w].[CreatedAt], [w].[FinishedAt], [w].[PlannedQty], [w].[ProcessStep], [w].[ProductionScheduleId], [w].[StartedAt], [w].[Status], [w].[UpdatedAt], [w].[WorkOrderNo]
          FROM [WorkOrders] AS [w]
          WHERE @__ef_filter__p_0 = CAST(1 AS bit) OR [w].[CompanyId] = @__ef_filter__CompanyId_1
      ) AS [t1] ON [t].[Id] = [t1].[ProductionScheduleId]
      LEFT JOIN (
          SELECT [q].[Id], [q].[CompanyId], [q].[CreatedAt], [q].[InspectedAt], [q].[InspectedByUserId], [q].[ProductionScheduleId], [q].[QtyFailed], [q].[QtyPassed], [q].[Remarks], [q].[Result], [q].[UpdatedAt]
          FROM [QualityChecks] AS [q]
          WHERE @__ef_filter__p_0 = CAST(1 AS bit) OR [q].[CompanyId] = @__ef_filter__CompanyId_1
      ) AS [t2] ON [t].[Id] = [t2].[ProductionScheduleId]
      ORDER BY [t].[Id] DESC, [t0].[Id], [t1].[Id]
info: Microsoft.EntityFrameworkCore.Database.Command[20101]
      Executed DbCommand (4ms) [Parameters=[@__ef_filter__p_0='?' (DbType = Boolean), @__ef_filter__CompanyId_1='?' (DbType = Int32)], CommandType='Text', CommandTimeout='30']
      SELECT COUNT(*)
      FROM [ProductionSchedules] AS [p]
      WHERE @__ef_filter__p_0 = CAST(1 AS bit) OR [p].[CompanyId] = @__ef_filter__CompanyId_1
info: Microsoft.EntityFrameworkCore.Database.Command[20101]
      Executed DbCommand (2ms) [Parameters=[@__p_0='?' (Size = 450)], CommandType='Text', CommandTimeout='30']
      SELECT TOP(1) [a].[Id], [a].[AccessFailedCount], [a].[ApprovedAt], [a].[ArchivedAt], [a].[CompanyId], [a].[ConcurrencyStamp], [a].[Email], [a].[EmailConfirmed], [a].[FullName], [a].[IsApproved], [a].[IsArchived], [a].[LockoutEnabled], [a].[LockoutEnd], [a].[NormalizedEmail], [a].[NormalizedUserName], [a].[PasswordHash], [a].[PendingRole], [a].[PhoneNumber], [a].[PhoneNumberConfirmed], [a].[SecurityStamp], [a].[TwoFactorEnabled], [a].[UserName]
      FROM [AspNetUsers] AS [a]
      WHERE [a].[Id] = @__p_0
info: Microsoft.EntityFrameworkCore.Database.Command[20101]
      Executed DbCommand (2ms) [Parameters=[@__userId_0='?' (Size = 450)], CommandType='Text', CommandTimeout='30']
      SELECT [a0].[Name]
      FROM [AspNetUserRoles] AS [a]
      INNER JOIN [AspNetRoles] AS [a0] ON [a].[RoleId] = [a0].[Id]
      WHERE [a].[UserId] = @__userId_0
info: Microsoft.EntityFrameworkCore.Database.Command[20101]
      Executed DbCommand (1ms) [Parameters=[@__p_0='?' (Size = 450)], CommandType='Text', CommandTimeout='30']
      SELECT TOP(1) [a].[Id], [a].[AccessFailedCount], [a].[ApprovedAt], [a].[ArchivedAt], [a].[CompanyId], [a].[ConcurrencyStamp], [a].[Email], [a].[EmailConfirmed], [a].[FullName], [a].[IsApproved], [a].[IsArchived], [a].[LockoutEnabled], [a].[LockoutEnd], [a].[NormalizedEmail], [a].[NormalizedUserName], [a].[PasswordHash], [a].[PendingRole], [a].[PhoneNumber], [a].[PhoneNumberConfirmed], [a].[SecurityStamp], [a].[TwoFactorEnabled], [a].[UserName]
      FROM [AspNetUsers] AS [a]
      WHERE [a].[Id] = @__p_0
info: Microsoft.EntityFrameworkCore.Database.Command[20101]
      Executed DbCommand (2ms) [Parameters=[@__userId_0='?' (Size = 450)], CommandType='Text', CommandTimeout='30']
      SELECT [a0].[Name]
      FROM [AspNetUserRoles] AS [a]
      INNER JOIN [AspNetRoles] AS [a0] ON [a].[RoleId] = [a0].[Id]
      WHERE [a].[UserId] = @__userId_0
info: Microsoft.EntityFrameworkCore.Database.Command[20101]
      Executed DbCommand (3ms) [Parameters=[@__ef_filter__p_0='?' (DbType = Boolean), @__ef_filter__CompanyId_1='?' (DbType = Int32), @__p_0='?' (DbType = Int32), @__p_1='?' (DbType = Int32)], CommandType='Text', CommandTimeout='30']
      SELECT [t].[Id], [t].[CancelledAt], [t].[CompanyId], [t].[CompletedAt], [t].[CreatedAt], [t].[CreatedByUserId], [t].[ExpectedEndAt], [t].[PlannedQuantity], [t].[ProductId], [t].[ScheduleDate], [t].[StartedAt], [t].[Status], [t].[UpdatedAt], [t0].[Id], [t0].[CompanyId], [t0].[CreatedAt], [t0].[Description], [t0].[ProductCode], [t0].[ProductName], [t0].[Status], [t0].[Unit], [t0].[UnitPrice], [t0].[UpdatedAt], [t1].[Id], [t1].[ActualQty], [t1].[AssignedToUserId], [t1].[CompanyId], [t1].[CreatedAt], [t1].[FinishedAt], [t1].[PlannedQty], [t1].[ProcessStep], [t1].[ProductionScheduleId], [t1].[StartedAt], [t1].[Status], [t1].[UpdatedAt], [t1].[WorkOrderNo], [t2].[Id], [t2].[CompanyId], [t2].[CreatedAt], [t2].[InspectedAt], [t2].[InspectedByUserId], [t2].[ProductionScheduleId], [t2].[QtyFailed], [t2].[QtyPassed], [t2].[Remarks], [t2].[Result], [t2].[UpdatedAt]
      FROM (
          SELECT [p].[Id], [p].[CancelledAt], [p].[CompanyId], [p].[CompletedAt], [p].[CreatedAt], [p].[CreatedByUserId], [p].[ExpectedEndAt], [p].[PlannedQuantity], [p].[ProductId], [p].[ScheduleDate], [p].[StartedAt], [p].[Status], [p].[UpdatedAt]
          FROM [ProductionSchedules] AS [p]
          WHERE @__ef_filter__p_0 = CAST(1 AS bit) OR [p].[CompanyId] = @__ef_filter__CompanyId_1
          ORDER BY [p].[Id] DESC
          OFFSET @__p_0 ROWS FETCH NEXT @__p_1 ROWS ONLY
      ) AS [t]
      INNER JOIN (
          SELECT [p0].[Id], [p0].[CompanyId], [p0].[CreatedAt], [p0].[Description], [p0].[ProductCode], [p0].[ProductName], [p0].[Status], [p0].[Unit], [p0].[UnitPrice], [p0].[UpdatedAt]
          FROM [Products] AS [p0]
          WHERE @__ef_filter__p_0 = CAST(1 AS bit) OR [p0].[CompanyId] = @__ef_filter__CompanyId_1
      ) AS [t0] ON [t].[ProductId] = [t0].[Id]
      LEFT JOIN (
          SELECT [w].[Id], [w].[ActualQty], [w].[AssignedToUserId], [w].[CompanyId], [w].[CreatedAt], [w].[FinishedAt], [w].[PlannedQty], [w].[ProcessStep], [w].[ProductionScheduleId], [w].[StartedAt], [w].[Status], [w].[UpdatedAt], [w].[WorkOrderNo]
          FROM [WorkOrders] AS [w]
          WHERE @__ef_filter__p_0 = CAST(1 AS bit) OR [w].[CompanyId] = @__ef_filter__CompanyId_1
      ) AS [t1] ON [t].[Id] = [t1].[ProductionScheduleId]
      LEFT JOIN (
          SELECT [q].[Id], [q].[CompanyId], [q].[CreatedAt], [q].[InspectedAt], [q].[InspectedByUserId], [q].[ProductionScheduleId], [q].[QtyFailed], [q].[QtyPassed], [q].[Remarks], [q].[Result], [q].[UpdatedAt]
          FROM [QualityChecks] AS [q]
          WHERE @__ef_filter__p_0 = CAST(1 AS bit) OR [q].[CompanyId] = @__ef_filter__CompanyId_1
      ) AS [t2] ON [t].[Id] = [t2].[ProductionScheduleId]
      ORDER BY [t].[Id] DESC, [t0].[Id], [t1].[Id]
info: Microsoft.EntityFrameworkCore.Database.Command[20101]
      Executed DbCommand (1ms) [Parameters=[@__ef_filter__p_0='?' (DbType = Boolean), @__ef_filter__CompanyId_1='?' (DbType = Int32)], CommandType='Text', CommandTimeout='30']
      SELECT COUNT(*)
      FROM [ProductionSchedules] AS [p]
      WHERE @__ef_filter__p_0 = CAST(1 AS bit) OR [p].[CompanyId] = @__ef_filter__CompanyId_1
info: Microsoft.EntityFrameworkCore.Database.Command[20101]
      Executed DbCommand (2ms) [Parameters=[@__p_0='?' (Size = 450)], CommandType='Text', CommandTimeout='30']
      SELECT TOP(1) [a].[Id], [a].[AccessFailedCount], [a].[ApprovedAt], [a].[ArchivedAt], [a].[CompanyId], [a].[ConcurrencyStamp], [a].[Email], [a].[EmailConfirmed], [a].[FullName], [a].[IsApproved], [a].[IsArchived], [a].[LockoutEnabled], [a].[LockoutEnd], [a].[NormalizedEmail], [a].[NormalizedUserName], [a].[PasswordHash], [a].[PendingRole], [a].[PhoneNumber], [a].[PhoneNumberConfirmed], [a].[SecurityStamp], [a].[TwoFactorEnabled], [a].[UserName]
      FROM [AspNetUsers] AS [a]
      WHERE [a].[Id] = @__p_0
info: Microsoft.EntityFrameworkCore.Database.Command[20101]
      Executed DbCommand (2ms) [Parameters=[@__userId_0='?' (Size = 450)], CommandType='Text', CommandTimeout='30']
      SELECT [a0].[Name]
      FROM [AspNetUserRoles] AS [a]
      INNER JOIN [AspNetRoles] AS [a0] ON [a].[RoleId] = [a0].[Id]
      WHERE [a].[UserId] = @__userId_0
info: Microsoft.EntityFrameworkCore.Database.Command[20101]
      Executed DbCommand (11ms) [Parameters=[@__ef_filter__p_0='?' (DbType = Boolean), @__ef_filter__CompanyId_1='?' (DbType = Int32), @__p_0='?' (DbType = Int32), @__p_1='?' (DbType = Int32)], CommandType='Text', CommandTimeout='30']
      SELECT [t].[Id], [t].[CancelledAt], [t].[CompanyId], [t].[CompletedAt], [t].[CreatedAt], [t].[CreatedByUserId], [t].[ExpectedEndAt], [t].[PlannedQuantity], [t].[ProductId], [t].[ScheduleDate], [t].[StartedAt], [t].[Status], [t].[UpdatedAt], [t0].[Id], [t0].[CompanyId], [t0].[CreatedAt], [t0].[Description], [t0].[ProductCode], [t0].[ProductName], [t0].[Status], [t0].[Unit], [t0].[UnitPrice], [t0].[UpdatedAt], [t1].[Id], [t1].[CompanyId], [t1].[CreatedAt], [t1].[InspectedAt], [t1].[InspectedByUserId], [t1].[ProductionScheduleId], [t1].[QtyFailed], [t1].[QtyPassed], [t1].[Remarks], [t1].[Result], [t1].[UpdatedAt]
      FROM (
          SELECT [p].[Id], [p].[CancelledAt], [p].[CompanyId], [p].[CompletedAt], [p].[CreatedAt], [p].[CreatedByUserId], [p].[ExpectedEndAt], [p].[PlannedQuantity], [p].[ProductId], [p].[ScheduleDate], [p].[StartedAt], [p].[Status], [p].[UpdatedAt]
          FROM [ProductionSchedules] AS [p]
          WHERE (@__ef_filter__p_0 = CAST(1 AS bit) OR [p].[CompanyId] = @__ef_filter__CompanyId_1) AND [p].[Status] IN (N'in_progress', N'completed')
          ORDER BY [p].[Id] DESC
          OFFSET @__p_0 ROWS FETCH NEXT @__p_1 ROWS ONLY
      ) AS [t]
      INNER JOIN (
          SELECT [p0].[Id], [p0].[CompanyId], [p0].[CreatedAt], [p0].[Description], [p0].[ProductCode], [p0].[ProductName], [p0].[Status], [p0].[Unit], [p0].[UnitPrice], [p0].[UpdatedAt]
          FROM [Products] AS [p0]
          WHERE @__ef_filter__p_0 = CAST(1 AS bit) OR [p0].[CompanyId] = @__ef_filter__CompanyId_1
      ) AS [t0] ON [t].[ProductId] = [t0].[Id]
      LEFT JOIN (
          SELECT [q].[Id], [q].[CompanyId], [q].[CreatedAt], [q].[InspectedAt], [q].[InspectedByUserId], [q].[ProductionScheduleId], [q].[QtyFailed], [q].[QtyPassed], [q].[Remarks], [q].[Result], [q].[UpdatedAt]
          FROM [QualityChecks] AS [q]
          WHERE @__ef_filter__p_0 = CAST(1 AS bit) OR [q].[CompanyId] = @__ef_filter__CompanyId_1
      ) AS [t1] ON [t].[Id] = [t1].[ProductionScheduleId]
      ORDER BY [t].[Id] DESC, [t0].[Id]
info: Microsoft.EntityFrameworkCore.Database.Command[20101]
      Executed DbCommand (4ms) [Parameters=[@__ef_filter__p_0='?' (DbType = Boolean), @__ef_filter__CompanyId_1='?' (DbType = Int32)], CommandType='Text', CommandTimeout='30']
      SELECT COUNT(*)
      FROM [ProductionSchedules] AS [p]
      WHERE (@__ef_filter__p_0 = CAST(1 AS bit) OR [p].[CompanyId] = @__ef_filter__CompanyId_1) AND [p].[Status] IN (N'in_progress', N'completed')
info: Microsoft.EntityFrameworkCore.Database.Command[20101]
      Executed DbCommand (2ms) [Parameters=[@__p_0='?' (Size = 450)], CommandType='Text', CommandTimeout='30']
      SELECT TOP(1) [a].[Id], [a].[AccessFailedCount], [a].[ApprovedAt], [a].[ArchivedAt], [a].[CompanyId], [a].[ConcurrencyStamp], [a].[Email], [a].[EmailConfirmed], [a].[FullName], [a].[IsApproved], [a].[IsArchived], [a].[LockoutEnabled], [a].[LockoutEnd], [a].[NormalizedEmail], [a].[NormalizedUserName], [a].[PasswordHash], [a].[PendingRole], [a].[PhoneNumber], [a].[PhoneNumberConfirmed], [a].[SecurityStamp], [a].[TwoFactorEnabled], [a].[UserName]
      FROM [AspNetUsers] AS [a]
      WHERE [a].[Id] = @__p_0
info: Microsoft.EntityFrameworkCore.Database.Command[20101]
      Executed DbCommand (2ms) [Parameters=[@__userId_0='?' (Size = 450)], CommandType='Text', CommandTimeout='30']
      SELECT [a0].[Name]
      FROM [AspNetUserRoles] AS [a]
      INNER JOIN [AspNetRoles] AS [a0] ON [a].[RoleId] = [a0].[Id]
      WHERE [a].[UserId] = @__userId_0
info: Microsoft.EntityFrameworkCore.Database.Command[20101]
      Executed DbCommand (2ms) [Parameters=[@__p_0='?' (Size = 450)], CommandType='Text', CommandTimeout='30']
      SELECT TOP(1) [a].[Id], [a].[AccessFailedCount], [a].[ApprovedAt], [a].[ArchivedAt], [a].[CompanyId], [a].[ConcurrencyStamp], [a].[Email], [a].[EmailConfirmed], [a].[FullName], [a].[IsApproved], [a].[IsArchived], [a].[LockoutEnabled], [a].[LockoutEnd], [a].[NormalizedEmail], [a].[NormalizedUserName], [a].[PasswordHash], [a].[PendingRole], [a].[PhoneNumber], [a].[PhoneNumberConfirmed], [a].[SecurityStamp], [a].[TwoFactorEnabled], [a].[UserName]
      FROM [AspNetUsers] AS [a]
      WHERE [a].[Id] = @__p_0
info: Microsoft.EntityFrameworkCore.Database.Command[20101]
      Executed DbCommand (2ms) [Parameters=[@__userId_0='?' (Size = 450)], CommandType='Text', CommandTimeout='30']
      SELECT [a0].[Name]
      FROM [AspNetUserRoles] AS [a]
      INNER JOIN [AspNetRoles] AS [a0] ON [a].[RoleId] = [a0].[Id]
      WHERE [a].[UserId] = @__userId_0
info: Microsoft.EntityFrameworkCore.Database.Command[20101]
      Executed DbCommand (1ms) [Parameters=[@__userId_0='?' (Size = 450)], CommandType='Text', CommandTimeout='30']
      SELECT [a0].[Name]
      FROM [AspNetUserRoles] AS [a]
      INNER JOIN [AspNetRoles] AS [a0] ON [a].[RoleId] = [a0].[Id]
      WHERE [a].[UserId] = @__userId_0
info: Microsoft.EntityFrameworkCore.Database.Command[20101]
      Executed DbCommand (2ms) [Parameters=[@__p_0='?' (Size = 450)], CommandType='Text', CommandTimeout='30']
      SELECT TOP(1) [a].[Id], [a].[AccessFailedCount], [a].[ApprovedAt], [a].[ArchivedAt], [a].[CompanyId], [a].[ConcurrencyStamp], [a].[Email], [a].[EmailConfirmed], [a].[FullName], [a].[IsApproved], [a].[IsArchived], [a].[LockoutEnabled], [a].[LockoutEnd], [a].[NormalizedEmail], [a].[NormalizedUserName], [a].[PasswordHash], [a].[PendingRole], [a].[PhoneNumber], [a].[PhoneNumberConfirmed], [a].[SecurityStamp], [a].[TwoFactorEnabled], [a].[UserName]
      FROM [AspNetUsers] AS [a]
      WHERE [a].[Id] = @__p_0
info: Microsoft.EntityFrameworkCore.Database.Command[20101]
      Executed DbCommand (2ms) [Parameters=[@__userId_0='?' (Size = 450)], CommandType='Text', CommandTimeout='30']
      SELECT [a0].[Name]
      FROM [AspNetUserRoles] AS [a]
      INNER JOIN [AspNetRoles] AS [a0] ON [a].[RoleId] = [a0].[Id]
      WHERE [a].[UserId] = @__userId_0
info: Microsoft.EntityFrameworkCore.Database.Command[20101]
      Executed DbCommand (2ms) [Parameters=[@__userId_0='?' (Size = 450)], CommandType='Text', CommandTimeout='30']
      SELECT [a0].[Name]
      FROM [AspNetUserRoles] AS [a]
      INNER JOIN [AspNetRoles] AS [a0] ON [a].[RoleId] = [a0].[Id]
      WHERE [a].[UserId] = @__userId_0
info: Microsoft.EntityFrameworkCore.Database.Command[20101]
      Executed DbCommand (2ms) [Parameters=[@__p_0='?' (Size = 450)], CommandType='Text', CommandTimeout='30']
      SELECT TOP(1) [a].[Id], [a].[AccessFailedCount], [a].[ApprovedAt], [a].[ArchivedAt], [a].[CompanyId], [a].[ConcurrencyStamp], [a].[Email], [a].[EmailConfirmed], [a].[FullName], [a].[IsApproved], [a].[IsArchived], [a].[LockoutEnabled], [a].[LockoutEnd], [a].[NormalizedEmail], [a].[NormalizedUserName], [a].[PasswordHash], [a].[PendingRole], [a].[PhoneNumber], [a].[PhoneNumberConfirmed], [a].[SecurityStamp], [a].[TwoFactorEnabled], [a].[UserName]
      FROM [AspNetUsers] AS [a]
      WHERE [a].[Id] = @__p_0
info: Microsoft.EntityFrameworkCore.Database.Command[20101]
      Executed DbCommand (3ms) [Parameters=[@__user_Id_0='?' (Size = 450)], CommandType='Text', CommandTimeout='30']
      SELECT TOP(1) [u].[Id], [u].[Theme], [u].[UpdatedAt], [u].[UserId]
      FROM [UserSettings] AS [u]
      WHERE [u].[UserId] = @__user_Id_0
info: Microsoft.EntityFrameworkCore.Database.Command[20101]
      Executed DbCommand (2ms) [Parameters=[@__userId_0='?' (Size = 450)], CommandType='Text', CommandTimeout='30']
      SELECT [a0].[Name]
      FROM [AspNetUserRoles] AS [a]
      INNER JOIN [AspNetRoles] AS [a0] ON [a].[RoleId] = [a0].[Id]
      WHERE [a].[UserId] = @__userId_0
info: Microsoft.EntityFrameworkCore.Database.Command[20101]
      Executed DbCommand (2ms) [Parameters=[@__p_0='?' (Size = 450)], CommandType='Text', CommandTimeout='30']
      SELECT TOP(1) [a].[Id], [a].[AccessFailedCount], [a].[ApprovedAt], [a].[ArchivedAt], [a].[CompanyId], [a].[ConcurrencyStamp], [a].[Email], [a].[EmailConfirmed], [a].[FullName], [a].[IsApproved], [a].[IsArchived], [a].[LockoutEnabled], [a].[LockoutEnd], [a].[NormalizedEmail], [a].[NormalizedUserName], [a].[PasswordHash], [a].[PendingRole], [a].[PhoneNumber], [a].[PhoneNumberConfirmed], [a].[SecurityStamp], [a].[TwoFactorEnabled], [a].[UserName]
      FROM [AspNetUsers] AS [a]
      WHERE [a].[Id] = @__p_0
info: Microsoft.EntityFrameworkCore.Database.Command[20101]
      Executed DbCommand (2ms) [Parameters=[@__user_Id_0='?' (Size = 450)], CommandType='Text', CommandTimeout='30']
      SELECT TOP(1) [u].[Id], [u].[Theme], [u].[UpdatedAt], [u].[UserId]
      FROM [UserSettings] AS [u]
      WHERE [u].[UserId] = @__user_Id_0
info: Microsoft.EntityFrameworkCore.Database.Command[20101]
      Executed DbCommand (2ms) [Parameters=[@__userId_0='?' (Size = 450)], CommandType='Text', CommandTimeout='30']
      SELECT [a0].[Name]
      FROM [AspNetUserRoles] AS [a]
      INNER JOIN [AspNetRoles] AS [a0] ON [a].[RoleId] = [a0].[Id]
      WHERE [a].[UserId] = @__userId_0
info: Microsoft.EntityFrameworkCore.Database.Command[20101]
      Executed DbCommand (6ms) [Parameters=[@__normalizedEmail_0='?' (Size = 256)], CommandType='Text', CommandTimeout='30']
      SELECT TOP(2) [a].[Id], [a].[AccessFailedCount], [a].[ApprovedAt], [a].[ArchivedAt], [a].[CompanyId], [a].[ConcurrencyStamp], [a].[Email], [a].[EmailConfirmed], [a].[FullName], [a].[IsApproved], [a].[IsArchived], [a].[LockoutEnabled], [a].[LockoutEnd], [a].[NormalizedEmail], [a].[NormalizedUserName], [a].[PasswordHash], [a].[PendingRole], [a].[PhoneNumber], [a].[PhoneNumberConfirmed], [a].[SecurityStamp], [a].[TwoFactorEnabled], [a].[UserName]
      FROM [AspNetUsers] AS [a]
      WHERE [a].[NormalizedEmail] = @__normalizedEmail_0
info: Microsoft.EntityFrameworkCore.Database.Command[20101]
      Executed DbCommand (2ms) [Parameters=[@__normalizedEmail_0='?' (Size = 256)], CommandType='Text', CommandTimeout='30']
      SELECT TOP(2) [a].[Id], [a].[AccessFailedCount], [a].[ApprovedAt], [a].[ArchivedAt], [a].[CompanyId], [a].[ConcurrencyStamp], [a].[Email], [a].[EmailConfirmed], [a].[FullName], [a].[IsApproved], [a].[IsArchived], [a].[LockoutEnabled], [a].[LockoutEnd], [a].[NormalizedEmail], [a].[NormalizedUserName], [a].[PasswordHash], [a].[PendingRole], [a].[PhoneNumber], [a].[PhoneNumberConfirmed], [a].[SecurityStamp], [a].[TwoFactorEnabled], [a].[UserName]
      FROM [AspNetUsers] AS [a]
      WHERE [a].[NormalizedEmail] = @__normalizedEmail_0
info: Microsoft.EntityFrameworkCore.Database.Command[20101]
      Executed DbCommand (4ms) [Parameters=[@__user_Id_0='?' (Size = 450)], CommandType='Text', CommandTimeout='30']
      SELECT [a].[Id], [a].[ClaimType], [a].[ClaimValue], [a].[UserId]
      FROM [AspNetUserClaims] AS [a]
      WHERE [a].[UserId] = @__user_Id_0
info: Microsoft.EntityFrameworkCore.Database.Command[20101]
      Executed DbCommand (5ms) [Parameters=[@__userId_0='?' (Size = 450)], CommandType='Text', CommandTimeout='30']
      SELECT [a0].[Name]
      FROM [AspNetUserRoles] AS [a]
      INNER JOIN [AspNetRoles] AS [a0] ON [a].[RoleId] = [a0].[Id]
      WHERE [a].[UserId] = @__userId_0
info: Microsoft.EntityFrameworkCore.Database.Command[20101]
      Executed DbCommand (3ms) [Parameters=[@__normalizedName_0='?' (Size = 256)], CommandType='Text', CommandTimeout='30']
      SELECT TOP(1) [a].[Id], [a].[ConcurrencyStamp], [a].[Name], [a].[NormalizedName]
      FROM [AspNetRoles] AS [a]
      WHERE [a].[NormalizedName] = @__normalizedName_0
info: Microsoft.EntityFrameworkCore.Database.Command[20101]
      Executed DbCommand (3ms) [Parameters=[@__role_Id_0='?' (Size = 450)], CommandType='Text', CommandTimeout='30']
      SELECT [a].[ClaimType], [a].[ClaimValue]
      FROM [AspNetRoleClaims] AS [a]
      WHERE [a].[RoleId] = @__role_Id_0
info: Microsoft.EntityFrameworkCore.Database.Command[20101]
      Executed DbCommand (2ms) [Parameters=[@__user_Id_0='?' (Size = 450)], CommandType='Text', CommandTimeout='30']
      SELECT [a].[Id], [a].[ClaimType], [a].[ClaimValue], [a].[UserId]
      FROM [AspNetUserClaims] AS [a]
      WHERE [a].[UserId] = @__user_Id_0
info: Microsoft.EntityFrameworkCore.Database.Command[20101]
      Executed DbCommand (2ms) [Parameters=[@__userId_0='?' (Size = 450)], CommandType='Text', CommandTimeout='30']
      SELECT [a0].[Name]
      FROM [AspNetUserRoles] AS [a]
      INNER JOIN [AspNetRoles] AS [a0] ON [a].[RoleId] = [a0].[Id]
      WHERE [a].[UserId] = @__userId_0
info: Microsoft.EntityFrameworkCore.Database.Command[20101]
      Executed DbCommand (2ms) [Parameters=[@__normalizedName_0='?' (Size = 256)], CommandType='Text', CommandTimeout='30']
      SELECT TOP(1) [a].[Id], [a].[ConcurrencyStamp], [a].[Name], [a].[NormalizedName]
      FROM [AspNetRoles] AS [a]
      WHERE [a].[NormalizedName] = @__normalizedName_0
info: Microsoft.EntityFrameworkCore.Database.Command[20101]
      Executed DbCommand (2ms) [Parameters=[@__role_Id_0='?' (Size = 450)], CommandType='Text', CommandTimeout='30']
      SELECT [a].[ClaimType], [a].[ClaimValue]
      FROM [AspNetRoleClaims] AS [a]
      WHERE [a].[RoleId] = @__role_Id_0
info: Microsoft.EntityFrameworkCore.Database.Command[20101]
      Executed DbCommand (2ms) [Parameters=[@__userId_0='?' (Size = 450)], CommandType='Text', CommandTimeout='30']
      SELECT [a0].[Name]
      FROM [AspNetUserRoles] AS [a]
      INNER JOIN [AspNetRoles] AS [a0] ON [a].[RoleId] = [a0].[Id]
      WHERE [a].[UserId] = @__userId_0
info: Microsoft.EntityFrameworkCore.Database.Command[20101]
      Executed DbCommand (4ms) [Parameters=[@__companyId_0='?' (DbType = Int32)], CommandType='Text', CommandTimeout='30']
      SELECT COUNT(*)
      FROM [AspNetUsers] AS [a]
      WHERE [a].[CompanyId] = @__companyId_0
info: Microsoft.EntityFrameworkCore.Database.Command[20101]
      Executed DbCommand (4ms) [Parameters=[@__ef_filter__p_0='?' (DbType = Boolean), @__ef_filter__CompanyId_1='?' (DbType = Int32)], CommandType='Text', CommandTimeout='30']
      SELECT COUNT(*)
      FROM [Products] AS [p]
      WHERE @__ef_filter__p_0 = CAST(1 AS bit) OR [p].[CompanyId] = @__ef_filter__CompanyId_1
info: Microsoft.EntityFrameworkCore.Database.Command[20101]
      Executed DbCommand (4ms) [Parameters=[@__ef_filter__p_0='?' (DbType = Boolean), @__ef_filter__CompanyId_1='?' (DbType = Int32)], CommandType='Text', CommandTimeout='30']
      SELECT COUNT(*)
      FROM [Materials] AS [m]
      WHERE @__ef_filter__p_0 = CAST(1 AS bit) OR [m].[CompanyId] = @__ef_filter__CompanyId_1
info: Microsoft.EntityFrameworkCore.Database.Command[20101]
      Executed DbCommand (4ms) [Parameters=[@__ef_filter__p_0='?' (DbType = Boolean), @__ef_filter__CompanyId_1='?' (DbType = Int32)], CommandType='Text', CommandTimeout='30']
      SELECT COUNT(*)
      FROM [WorkOrders] AS [w]
      WHERE @__ef_filter__p_0 = CAST(1 AS bit) OR [w].[CompanyId] = @__ef_filter__CompanyId_1
info: Microsoft.EntityFrameworkCore.Database.Command[20101]
      Executed DbCommand (5ms) [Parameters=[@__p_0='?' (Size = 450)], CommandType='Text', CommandTimeout='30']
      SELECT TOP(1) [a].[Id], [a].[AccessFailedCount], [a].[ApprovedAt], [a].[ArchivedAt], [a].[CompanyId], [a].[ConcurrencyStamp], [a].[Email], [a].[EmailConfirmed], [a].[FullName], [a].[IsApproved], [a].[IsArchived], [a].[LockoutEnabled], [a].[LockoutEnd], [a].[NormalizedEmail], [a].[NormalizedUserName], [a].[PasswordHash], [a].[PendingRole], [a].[PhoneNumber], [a].[PhoneNumberConfirmed], [a].[SecurityStamp], [a].[TwoFactorEnabled], [a].[UserName]
      FROM [AspNetUsers] AS [a]
      WHERE [a].[Id] = @__p_0
info: Microsoft.EntityFrameworkCore.Database.Command[20101]
      Executed DbCommand (2ms) [Parameters=[@__userId_0='?' (Size = 450)], CommandType='Text', CommandTimeout='30']
      SELECT [a0].[Name]
      FROM [AspNetUserRoles] AS [a]
      INNER JOIN [AspNetRoles] AS [a0] ON [a].[RoleId] = [a0].[Id]
      WHERE [a].[UserId] = @__userId_0
info: Microsoft.EntityFrameworkCore.Database.Command[20101]
      Executed DbCommand (2ms) [Parameters=[@__userId_0='?' (Size = 450)], CommandType='Text', CommandTimeout='30']
      SELECT [a0].[Name]
      FROM [AspNetUserRoles] AS [a]
      INNER JOIN [AspNetRoles] AS [a0] ON [a].[RoleId] = [a0].[Id]
      WHERE [a].[UserId] = @__userId_0
info: Microsoft.EntityFrameworkCore.Database.Command[20101]
      Executed DbCommand (6ms) [Parameters=[@__archived_0='?' (DbType = Boolean), @__companyId_1='?' (DbType = Int32), @__p_2='?' (DbType = Int32), @__p_3='?' (DbType = Int32)], CommandType='Text', CommandTimeout='30']
      SELECT [a].[Id], [a].[AccessFailedCount], [a].[ApprovedAt], [a].[ArchivedAt], [a].[CompanyId], [a].[ConcurrencyStamp], [a].[Email], [a].[EmailConfirmed], [a].[FullName], [a].[IsApproved], [a].[IsArchived], [a].[LockoutEnabled], [a].[LockoutEnd], [a].[NormalizedEmail], [a].[NormalizedUserName], [a].[PasswordHash], [a].[PendingRole], [a].[PhoneNumber], [a].[PhoneNumberConfirmed], [a].[SecurityStamp], [a].[TwoFactorEnabled], [a].[UserName]
      FROM [AspNetUsers] AS [a]
      WHERE [a].[IsArchived] = @__archived_0 AND [a].[CompanyId] = @__companyId_1
      ORDER BY [a].[Id] DESC
      OFFSET @__p_2 ROWS FETCH NEXT @__p_3 ROWS ONLY
info: Microsoft.EntityFrameworkCore.Database.Command[20101]
      Executed DbCommand (2ms) [Parameters=[@__userId_0='?' (Size = 450)], CommandType='Text', CommandTimeout='30']
      SELECT [a0].[Name]
      FROM [AspNetUserRoles] AS [a]
      INNER JOIN [AspNetRoles] AS [a0] ON [a].[RoleId] = [a0].[Id]
      WHERE [a].[UserId] = @__userId_0
info: Microsoft.EntityFrameworkCore.Database.Command[20101]
      Executed DbCommand (1ms) [Parameters=[@__userId_0='?' (Size = 450)], CommandType='Text', CommandTimeout='30']
      SELECT [a0].[Name]
      FROM [AspNetUserRoles] AS [a]
      INNER JOIN [AspNetRoles] AS [a0] ON [a].[RoleId] = [a0].[Id]
      WHERE [a].[UserId] = @__userId_0
info: Microsoft.EntityFrameworkCore.Database.Command[20101]
      Executed DbCommand (4ms) [Parameters=[@__archived_0='?' (DbType = Boolean), @__companyId_1='?' (DbType = Int32)], CommandType='Text', CommandTimeout='30']
      SELECT COUNT(*)
      FROM [AspNetUsers] AS [a]
      WHERE [a].[IsArchived] = @__archived_0 AND [a].[CompanyId] = @__companyId_1
info: Microsoft.EntityFrameworkCore.Database.Command[20101]
      Executed DbCommand (2ms) [Parameters=[@__userId_0='?' (Size = 450)], CommandType='Text', CommandTimeout='30']
      SELECT [a0].[Name]
      FROM [AspNetUserRoles] AS [a]
      INNER JOIN [AspNetRoles] AS [a0] ON [a].[RoleId] = [a0].[Id]
      WHERE [a].[UserId] = @__userId_0
info: Microsoft.EntityFrameworkCore.Database.Command[20101]
      Executed DbCommand (7ms) [Parameters=[@__p_1='?' (DbType = Int32), @__now_2='?' (DbType = DateTime2), @__ef_filter__p_0='?' (DbType = Boolean), @__ef_filter__CompanyId_1='?' (DbType = Int32), @__companyId_0='?' (DbType = Int32)], CommandType='Text', CommandTimeout='30']
      SELECT TOP(@__p_1) [c].[Id], [c].[InvitedEmail] AS [Email], [c].[Role], [c].[Code], [c].[ExpiresAt], [c].[UsesCount], [c].[MaxUses], CASE
          WHEN [c].[RevokedAt] IS NULL AND [c].[ExpiresAt] > @__now_2 AND [c].[UsesCount] < [c].[MaxUses] THEN CAST(1 AS bit)
          ELSE CAST(0 AS bit)
      END AS [IsActive]
      FROM [CompanyInvites] AS [c]
      WHERE (@__ef_filter__p_0 = CAST(1 AS bit) OR [c].[CompanyId] = @__ef_filter__CompanyId_1) AND [c].[CompanyId] = @__companyId_0
      ORDER BY [c].[CreatedAt] DESC
info: Microsoft.EntityFrameworkCore.Database.Command[20101]
      Executed DbCommand (2ms) [Parameters=[@__p_0='?' (Size = 450)], CommandType='Text', CommandTimeout='30']
      SELECT TOP(1) [a].[Id], [a].[AccessFailedCount], [a].[ApprovedAt], [a].[ArchivedAt], [a].[CompanyId], [a].[ConcurrencyStamp], [a].[Email], [a].[EmailConfirmed], [a].[FullName], [a].[IsApproved], [a].[IsArchived], [a].[LockoutEnabled], [a].[LockoutEnd], [a].[NormalizedEmail], [a].[NormalizedUserName], [a].[PasswordHash], [a].[PendingRole], [a].[PhoneNumber], [a].[PhoneNumberConfirmed], [a].[SecurityStamp], [a].[TwoFactorEnabled], [a].[UserName]
      FROM [AspNetUsers] AS [a]
      WHERE [a].[Id] = @__p_0
info: Microsoft.EntityFrameworkCore.Database.Command[20101]
      Executed DbCommand (2ms) [Parameters=[@__userId_0='?' (Size = 450)], CommandType='Text', CommandTimeout='30']
      SELECT [a0].[Name]
      FROM [AspNetUserRoles] AS [a]
      INNER JOIN [AspNetRoles] AS [a0] ON [a].[RoleId] = [a0].[Id]
      WHERE [a].[UserId] = @__userId_0
info: Microsoft.EntityFrameworkCore.Database.Command[20101]
      Executed DbCommand (6ms) [Parameters=[@__companyId_0='?' (DbType = Int32)], CommandType='Text', CommandTimeout='30']
      SELECT [a].[Id], [a].[FullName] AS [Name], COALESCE([a].[Email], N'') AS [Email], COALESCE([a].[PendingRole], N'') AS [PendingRole], NULL AS [RequestedAt]
      FROM [AspNetUsers] AS [a]
      WHERE [a].[IsApproved] = CAST(0 AS bit) AND [a].[CompanyId] = @__companyId_0
      ORDER BY [a].[Id] DESC
info: Microsoft.EntityFrameworkCore.Database.Command[20101]
      Executed DbCommand (2ms) [Parameters=[@__p_0='?' (Size = 450)], CommandType='Text', CommandTimeout='30']
      SELECT TOP(1) [a].[Id], [a].[AccessFailedCount], [a].[ApprovedAt], [a].[ArchivedAt], [a].[CompanyId], [a].[ConcurrencyStamp], [a].[Email], [a].[EmailConfirmed], [a].[FullName], [a].[IsApproved], [a].[IsArchived], [a].[LockoutEnabled], [a].[LockoutEnd], [a].[NormalizedEmail], [a].[NormalizedUserName], [a].[PasswordHash], [a].[PendingRole], [a].[PhoneNumber], [a].[PhoneNumberConfirmed], [a].[SecurityStamp], [a].[TwoFactorEnabled], [a].[UserName]
      FROM [AspNetUsers] AS [a]
      WHERE [a].[Id] = @__p_0
info: Microsoft.EntityFrameworkCore.Database.Command[20101]
      Executed DbCommand (2ms) [Parameters=[@__userId_0='?' (Size = 450)], CommandType='Text', CommandTimeout='30']
      SELECT [a0].[Name]
      FROM [AspNetUserRoles] AS [a]
      INNER JOIN [AspNetRoles] AS [a0] ON [a].[RoleId] = [a0].[Id]
      WHERE [a].[UserId] = @__userId_0
info: Microsoft.EntityFrameworkCore.Database.Command[20101]
      Executed DbCommand (2ms) [Parameters=[@__p_1='?' (DbType = Int32), @__now_2='?' (DbType = DateTime2), @__ef_filter__p_0='?' (DbType = Boolean), @__ef_filter__CompanyId_1='?' (DbType = Int32), @__companyId_0='?' (DbType = Int32)], CommandType='Text', CommandTimeout='30']
      SELECT TOP(@__p_1) [c].[Id], [c].[InvitedEmail] AS [Email], [c].[Role], [c].[Code], [c].[ExpiresAt], [c].[UsesCount], [c].[MaxUses], CASE
          WHEN [c].[RevokedAt] IS NULL AND [c].[ExpiresAt] > @__now_2 AND [c].[UsesCount] < [c].[MaxUses] THEN CAST(1 AS bit)
          ELSE CAST(0 AS bit)
      END AS [IsActive]
      FROM [CompanyInvites] AS [c]
      WHERE (@__ef_filter__p_0 = CAST(1 AS bit) OR [c].[CompanyId] = @__ef_filter__CompanyId_1) AND [c].[CompanyId] = @__companyId_0
      ORDER BY [c].[CreatedAt] DESC
info: Microsoft.EntityFrameworkCore.Database.Command[20101]
      Executed DbCommand (2ms) [Parameters=[@__p_0='?' (Size = 450)], CommandType='Text', CommandTimeout='30']
      SELECT TOP(1) [a].[Id], [a].[AccessFailedCount], [a].[ApprovedAt], [a].[ArchivedAt], [a].[CompanyId], [a].[ConcurrencyStamp], [a].[Email], [a].[EmailConfirmed], [a].[FullName], [a].[IsApproved], [a].[IsArchived], [a].[LockoutEnabled], [a].[LockoutEnd], [a].[NormalizedEmail], [a].[NormalizedUserName], [a].[PasswordHash], [a].[PendingRole], [a].[PhoneNumber], [a].[PhoneNumberConfirmed], [a].[SecurityStamp], [a].[TwoFactorEnabled], [a].[UserName]
      FROM [AspNetUsers] AS [a]
      WHERE [a].[Id] = @__p_0
info: Microsoft.EntityFrameworkCore.Database.Command[20101]
      Executed DbCommand (2ms) [Parameters=[@__userId_0='?' (Size = 450)], CommandType='Text', CommandTimeout='30']
      SELECT [a0].[Name]
      FROM [AspNetUserRoles] AS [a]
      INNER JOIN [AspNetRoles] AS [a0] ON [a].[RoleId] = [a0].[Id]
      WHERE [a].[UserId] = @__userId_0
info: Microsoft.EntityFrameworkCore.Database.Command[20101]
      Executed DbCommand (10ms) [Parameters=[@__ef_filter__p_0='?' (DbType = Boolean), @__ef_filter__CompanyId_1='?' (DbType = Int32), @__tokenHash_0='?' (Size = 64), @__now_1='?' (DbType = DateTime2)], CommandType='Text', CommandTimeout='30']
      SELECT TOP(1) [c].[Id], [c].[Code], [c].[CompanyId], [c].[ConsumedAt], [c].[CreatedAt], [c].[CreatedByUserId], [c].[ExpiresAt], [c].[InvitedEmail], [c].[MaxUses], [c].[RevokedAt], [c].[Role], [c].[TokenHash], [c].[UsesCount]
      FROM [CompanyInvites] AS [c]
      WHERE (@__ef_filter__p_0 = CAST(1 AS bit) OR [c].[CompanyId] = @__ef_filter__CompanyId_1) AND [c].[TokenHash] = @__tokenHash_0 AND [c].[RevokedAt] IS NULL AND [c].[ExpiresAt] > @__now_1 AND [c].[UsesCount] < [c].[MaxUses]
info: Microsoft.EntityFrameworkCore.Database.Command[20101]
      Executed DbCommand (6ms) [Parameters=[@__companyId_0='?' (DbType = Int32)], CommandType='Text', CommandTimeout='30']
      SELECT COUNT(*)
      FROM [AspNetUsers] AS [a]
      WHERE [a].[CompanyId] = @__companyId_0
info: Microsoft.EntityFrameworkCore.Database.Command[20101]
      Executed DbCommand (5ms) [Parameters=[@__ef_filter__p_0='?' (DbType = Boolean), @__ef_filter__CompanyId_1='?' (DbType = Int32)], CommandType='Text', CommandTimeout='30']
      SELECT COUNT(*)
      FROM [Products] AS [p]
      WHERE @__ef_filter__p_0 = CAST(1 AS bit) OR [p].[CompanyId] = @__ef_filter__CompanyId_1
info: Microsoft.EntityFrameworkCore.Database.Command[20101]
      Executed DbCommand (4ms) [Parameters=[@__ef_filter__p_0='?' (DbType = Boolean), @__ef_filt