info: Microsoft.EntityFrameworkCore.Database.Command[20101]
      Executed DbCommand (77ms) [Parameters=[@__normalizedName_0='?' (Size = 256)], CommandType='Text', CommandTimeout='30']
      SELECT TOP(1) [a].[Id], [a].[ConcurrencyStamp], [a].[Name], [a].[NormalizedName]
      FROM [AspNetRoles] AS [a]
      WHERE [a].[NormalizedName] = @__normalizedName_0
info: Microsoft.EntityFrameworkCore.Database.Command[20101]
      Executed DbCommand (3ms) [Parameters=[@__normalizedName_0='?' (Size = 256)], CommandType='Text', CommandTimeout='30']
      SELECT TOP(1) [a].[Id], [a].[ConcurrencyStamp], [a].[Name], [a].[NormalizedName]
      FROM [AspNetRoles] AS [a]
      WHERE [a].[NormalizedName] = @__normalizedName_0
info: Microsoft.EntityFrameworkCore.Database.Command[20101]
      Executed DbCommand (2ms) [Parameters=[@__normalizedName_0='?' (Size = 256)], CommandType='Text', CommandTimeout='30']
      SELECT TOP(1) [a].[Id], [a].[ConcurrencyStamp], [a].[Name], [a].[NormalizedName]
      FROM [AspNetRoles] AS [a]
      WHERE [a].[NormalizedName] = @__normalizedName_0
info: Microsoft.EntityFrameworkCore.Database.Command[20101]
      Executed DbCommand (2ms) [Parameters=[@__normalizedName_0='?' (Size = 256)], CommandType='Text', CommandTimeout='30']
      SELECT TOP(1) [a].[Id], [a].[ConcurrencyStamp], [a].[Name], [a].[NormalizedName]
      FROM [AspNetRoles] AS [a]
      WHERE [a].[NormalizedName] = @__normalizedName_0
info: Microsoft.EntityFrameworkCore.Database.Command[20101]
      Executed DbCommand (2ms) [Parameters=[@__normalizedName_0='?' (Size = 256)], CommandType='Text', CommandTimeout='30']
      SELECT TOP(1) [a].[Id], [a].[ConcurrencyStamp], [a].[Name], [a].[NormalizedName]
      FROM [AspNetRoles] AS [a]
      WHERE [a].[NormalizedName] = @__normalizedName_0
info: Microsoft.EntityFrameworkCore.Database.Command[20101]
      Executed DbCommand (2ms) [Parameters=[@__normalizedName_0='?' (Size = 256)], CommandType='Text', CommandTimeout='30']
      SELECT TOP(1) [a].[Id], [a].[ConcurrencyStamp], [a].[Name], [a].[NormalizedName]
      FROM [AspNetRoles] AS [a]
      WHERE [a].[NormalizedName] = @__normalizedName_0
info: Microsoft.EntityFrameworkCore.Database.Command[20101]
      Executed DbCommand (8ms) [Parameters=[@__normalizedEmail_0='?' (Size = 256)], CommandType='Text', CommandTimeout='30']
      SELECT TOP(2) [a].[Id], [a].[AccessFailedCount], [a].[ApprovedAt], [a].[ArchivedAt], [a].[CompanyId], [a].[ConcurrencyStamp], [a].[Email], [a].[EmailConfirmed], [a].[FullName], [a].[IsApproved], [a].[IsArchived], [a].[LockoutEnabled], [a].[LockoutEnd], [a].[NormalizedEmail], [a].[NormalizedUserName], [a].[PasswordHash], [a].[PendingRole], [a].[PhoneNumber], [a].[PhoneNumberConfirmed], [a].[SecurityStamp], [a].[TwoFactorEnabled], [a].[UserName]
      FROM [AspNetUsers] AS [a]
      WHERE [a].[NormalizedEmail] = @__normalizedEmail_0
info: Microsoft.EntityFrameworkCore.Database.Command[20101]
      Executed DbCommand (4ms) [Parameters=[], CommandType='Text', CommandTimeout='30']
      SELECT 1
info: Microsoft.EntityFrameworkCore.Database.Command[20101]
      Executed DbCommand (2ms) [Parameters=[], CommandType='Text', CommandTimeout='30']
      SELECT OBJECT_ID(N'[__EFMigrationsHistory]');
info: Microsoft.EntityFrameworkCore.Database.Command[20101]
      Executed DbCommand (0ms) [Parameters=[], CommandType='Text', CommandTimeout='30']
      SELECT 1
info: Microsoft.EntityFrameworkCore.Database.Command[20101]
      Executed DbCommand (1ms) [Parameters=[], CommandType='Text', CommandTimeout='30']
      SELECT OBJECT_ID(N'[__EFMigrationsHistory]');
info: Microsoft.EntityFrameworkCore.Database.Command[20101]
      Executed DbCommand (3ms) [Parameters=[], CommandType='Text', CommandTimeout='30']
      SELECT [MigrationId], [ProductVersion]
      FROM [__EFMigrationsHistory]
      ORDER BY [MigrationId];
info: Microsoft.EntityFrameworkCore.Migrations[20405]
      No migrations were applied. The database is already up to date.
info: Microsoft.Hosting.Lifetime[0]
      Application started. Press Ctrl+C to shut down.
info: Microsoft.Hosting.Lifetime[0]
      Hosting environment: Development
info: Microsoft.Hosting.Lifetime[0]
      Content root path: C:\Users\lubia\source\repos\PmesCSharp
info: Microsoft.EntityFrameworkCore.Database.Command[20101]
      Executed DbCommand (3ms) [Parameters=[@__p_0='?' (Size = 450)], CommandType='Text', CommandTimeout='30']
      SELECT TOP(1) [a].[Id], [a].[AccessFailedCount], [a].[ApprovedAt], [a].[ArchivedAt], [a].[CompanyId], [a].[ConcurrencyStamp], [a].[Email], [a].[EmailConfirmed], [a].[FullName], [a].[IsApproved], [a].[IsArchived], [a].[LockoutEnabled], [a].[LockoutEnd], [a].[NormalizedEmail], [a].[NormalizedUserName], [a].[PasswordHash], [a].[PendingRole], [a].[PhoneNumber], [a].[PhoneNumberConfirmed], [a].[SecurityStamp], [a].[TwoFactorEnabled], [a].[UserName]
      FROM [AspNetUsers] AS [a]
      WHERE [a].[Id] = @__p_0
info: Microsoft.EntityFrameworkCore.Database.Command[20101]
      Executed DbCommand (4ms) [Parameters=[@__user_Id_0='?' (Size = 450)], CommandType='Text', CommandTimeout='30']
      SELECT TOP(1) [u].[Id], [u].[Theme], [u].[UpdatedAt], [u].[UserId]
      FROM [UserSettings] AS [u]
      WHERE [u].[UserId] = @__user_Id_0
info: Microsoft.EntityFrameworkCore.Database.Command[20101]
      Executed DbCommand (5ms) [Parameters=[@__userId_0='?' (Size = 450)], CommandType='Text', CommandTimeout='30']
      SELECT [a0].[Name]
      FROM [AspNetUserRoles] AS [a]
      INNER JOIN [AspNetRoles] AS [a0] ON [a].[RoleId] = [a0].[Id]
      WHERE [a].[UserId] = @__userId_0
info: Microsoft.EntityFrameworkCore.Database.Command[20101]
      Executed DbCommand (2ms) [Parameters=[@__currentUser_Id_0='?' (Size = 450)], CommandType='Text', CommandTimeout='30']
      SELECT TOP(1) [u].[Id], [u].[Theme], [u].[UpdatedAt], [u].[UserId]
      FROM [UserSettings] AS [u]
      WHERE [u].[UserId] = @__currentUser_Id_0
info: Microsoft.EntityFrameworkCore.Database.Command[20101]
      Executed DbCommand (16ms) [Parameters=[@__ef_filter__p_0='?' (DbType = Boolean), @__ef_filter__CompanyId_1='?' (DbType = Int32), @__p_0='?' (DbType = Int32), @__p_1='?' (DbType = Int32)], CommandType='Text', CommandTimeout='30']
      SELECT [t].[Id], [t].[CancelledAt], [t].[CompanyId], [t].[CompletedAt], [t].[CreatedAt], [t].[CreatedByUserId], [t].[ExpectedEndAt], [t].[PlannedQuantity], [t].[ProductId], [t].[ScheduleDate], [t].[StartedAt], [t].[Status], [t].[UpdatedAt], [t0].[Id], [t0].[CompanyId], [t0].[CreatedAt], [t0].[Description], [t0].[ProductCode], [t0].[ProductName], [t0].[Status], [t0].[Unit], [t0].[UnitPrice], [t0].[UpdatedAt], [t1].[Id], [t1].[CompanyId], [t1].[CreatedAt], [t1].[InspectedAt], [t1].[InspectedByUserId], [t1].[ProductionScheduleId], [t1].[QtyFailed], [t1].[QtyPassed], [t1].[Remarks], [t1].[Result], [t1].[UpdatedAt]
      FROM (
          SELECT [p].[Id], [p].[CancelledAt], [p].[CompanyId], [p].[CompletedAt], [p].[CreatedAt], [p].[CreatedByUserId], [p].[ExpectedEndAt], [p].[PlannedQuantity], [p].[ProductId], [p].[ScheduleDate], [p].[StartedAt], [p].[Status], [p].[UpdatedAt]
          FROM [ProductionSchedules] AS [p]
          WHERE (@__ef_filter__p_0 = CAST(1 AS bit) OR [p].[CompanyId] = @__ef_filter__CompanyId_1) AND [p].[Status] IN (N'in_progress', N'completed')
          ORDER BY [p].[Id] DESC
          OFFSET @__p_0 ROWS FETCH NEXT @__p_1 ROWS ONLY
      ) AS [t]
      INNER JOIN (
          SELECT [p0].[Id], [p0].[CompanyId], [p0].[CreatedAt], [p0].[Description], [p0].[ProductCode], [p0].[ProductName], [p0].[Status], [p0].[Unit], [p0].[UnitPrice], [p0].[UpdatedAt]
          FROM [Products] AS [p0]
          WHERE @__ef_filter__p_0 = CAST(1 AS bit) OR [p0].[CompanyId] = @__ef_filter__CompanyId_1
      ) AS [t0] ON [t].[ProductId] = [t0].[Id]
      LEFT JOIN (
          SELECT [q].[Id], [q].[CompanyId], [q].[CreatedAt], [q].[InspectedAt], [q].[InspectedByUserId], [q].[ProductionScheduleId], [q].[QtyFailed], [q].[QtyPassed], [q].[Remarks], [q].[Result], [q].[UpdatedAt]
          FROM [QualityChecks] AS [q]
          WHERE @__ef_filter__p_0 = CAST(1 AS bit) OR [q].[CompanyId] = @__ef_filter__CompanyId_1
      ) AS [t1] ON [t].[Id] = [t1].[ProductionScheduleId]
      ORDER BY [t].[Id] DESC, [t0].[Id]
info: Microsoft.EntityFrameworkCore.Database.Command[20101]
      Executed DbCommand (4ms) [Parameters=[@__ef_filter__p_0='?' (DbType = Boolean), @__ef_filter__CompanyId_1='?' (DbType = Int32)], CommandType='Text', CommandTimeout='30']
      SELECT COUNT(*)
      FROM [ProductionSchedules] AS [p]
      WHERE (@__ef_filter__p_0 = CAST(1 AS bit) OR [p].[CompanyId] = @__ef_filter__CompanyId_1) AND [p].[Status] IN (N'in_progress', N'completed')
info: Microsoft.EntityFrameworkCore.Database.Command[20101]
      Executed DbCommand (2ms) [Parameters=[@__p_0='?' (Size = 450)], CommandType='Text', CommandTimeout='30']
      SELECT TOP(1) [a].[Id], [a].[AccessFailedCount], [a].[ApprovedAt], [a].[ArchivedAt], [a].[CompanyId], [a].[ConcurrencyStamp], [a].[Email], [a].[EmailConfirmed], [a].[FullName], [a].[IsApproved], [a].[IsArchived], [a].[LockoutEnabled], [a].[LockoutEnd], [a].[NormalizedEmail], [a].[NormalizedUserName], [a].[PasswordHash], [a].[PendingRole], [a].[PhoneNumber], [a].[PhoneNumberConfirmed], [a].[SecurityStamp], [a].[TwoFactorEnabled], [a].[UserName]
      FROM [AspNetUsers] AS [a]
      WHERE [a].[Id] = @__p_0
info: Microsoft.EntityFrameworkCore.Database.Command[20101]
      Executed DbCommand (2ms) [Parameters=[@__userId_0='?' (Size = 450)], CommandType='Text', CommandTimeout='30']
      SELECT [a0].[Name]
      FROM [AspNetUserRoles] AS [a]
      INNER JOIN [AspNetRoles] AS [a0] ON [a].[RoleId] = [a0].[Id]
      WHERE [a].[UserId] = @__userId_0
info: Microsoft.EntityFrameworkCore.Database.Command[20101]
      Executed DbCommand (2ms) [Parameters=[@__currentUser_Id_0='?' (Size = 450)], CommandType='Text', CommandTimeout='30']
      SELECT TOP(1) [u].[Id], [u].[Theme], [u].[UpdatedAt], [u].[UserId]
      FROM [UserSettings] AS [u]
      WHERE [u].[UserId] = @__currentUser_Id_0
info: Microsoft.EntityFrameworkCore.Database.Command[20101]
      Executed DbCommand (4ms) [Parameters=[@__companyId_0='?' (DbType = Int32)], CommandType='Text', CommandTimeout='30']
      SELECT TOP(1) [c].[Id], [c].[Code], [c].[CreatedAt], [c].[Name], [c].[UpdatedAt]
      FROM [Companies] AS [c]
      WHERE [c].[Id] = @__companyId_0
info: Microsoft.EntityFrameworkCore.Database.Command[20101]
      Executed DbCommand (4ms) [Parameters=[@__ef_filter__p_0='?' (DbType = Boolean), @__ef_filter__CompanyId_1='?' (DbType = Int32), @__companyId_0='?' (DbType = Int32)], CommandType='Text', CommandTimeout='30']
      SELECT TOP(1) [c].[Id], [c].[Address], [c].[CompanyId], [c].[CreatedAt], [c].[DisplayName], [c].[Email], [c].[Industry], [c].[Phone], [c].[UpdatedAt], [c].[Website]
      FROM [CompanyProfiles] AS [c]
      WHERE (@__ef_filter__p_0 = CAST(1 AS bit) OR [c].[CompanyId] = @__ef_filter__CompanyId_1) AND [c].[CompanyId] = @__companyId_0
info: Microsoft.EntityFrameworkCore.Database.Command[20101]
      Executed DbCommand (3ms) [Parameters=[@__companyId_0='?' (DbType = Int32)], CommandType='Text', CommandTimeout='30']
      SELECT COUNT(*)
      FROM [AspNetUsers] AS [a]
      WHERE [a].[CompanyId] = @__companyId_0
info: Microsoft.EntityFrameworkCore.Database.Command[20101]
      Executed DbCommand (3ms) [Parameters=[@__ef_filter__p_0='?' (DbType = Boolean), @__ef_filter__CompanyId_1='?' (DbType = Int32)], CommandType='Text', CommandTimeout='30']
      SELECT COUNT(*)
      FROM [Products] AS [p]
      WHERE @__ef_filter__p_0 = CAST(1 AS bit) OR [p].[CompanyId] = @__ef_filter__CompanyId_1
info: Microsoft.EntityFrameworkCore.Database.Command[20101]
      Executed DbCommand (5ms) [Parameters=[@__ef_filter__p_0='?' (DbType = Boolean), @__ef_filter__CompanyId_1='?' (DbType = Int32)], CommandType='Text', CommandTimeout='30']
      SELECT COUNT(*)
      FROM [Materials] AS [m]
      WHERE @__ef_filter__p_0 = CAST(1 AS bit) OR [m].[CompanyId] = @__ef_filter__CompanyId_1
info: Microsoft.EntityFrameworkCore.Database.Command[20101]
      Executed DbCommand (5ms) [Parameters=[@__ef_filter__p_0='?' (DbType = Boolean), @__ef_filter__CompanyId_1='?' (DbType = Int32)], CommandType='Text', CommandTimeout='30']
      SELECT COUNT(*)
      FROM [WorkOrders] AS [w]
      WHERE @__ef_filter__p_0 = CAST(1 AS bit) OR [w].[CompanyId] = @__ef_filter__CompanyId_1
info: Microsoft.EntityFrameworkCore.Database.Command[20101]
      Executed DbCommand (2ms) [Parameters=[@__p_0='?' (Size = 450)], CommandType='Text', CommandTimeout='30']
      SELECT TOP(1) [a].[Id], [a].[AccessFailedCount], [a].[ApprovedAt], [a].[ArchivedAt], [a].[CompanyId], [a].[ConcurrencyStamp], [a].[Email], [a].[EmailConfirmed], [a].[FullName], [a].[IsApproved], [a].[IsArchived], [a].[LockoutEnabled], [a].[LockoutEnd], [a].[NormalizedEmail], [a].[NormalizedUserName], [a].[PasswordHash], [a].[PendingRole], [a].[PhoneNumber], [a].[PhoneNumberConfirmed], [a].[SecurityStamp], [a].[TwoFactorEnabled], [a].[UserName]
      FROM [AspNetUsers] AS [a]
      WHERE [a].[Id] = @__p_0
info: Microsoft.EntityFrameworkCore.Database.Command[20101]
      Executed DbCommand (2ms) [Parameters=[@__userId_0='?' (Size = 450)], CommandType='Text', CommandTimeout='30']
      SELECT [a0].[Name]
      FROM [AspNetUserRoles] AS [a]
      INNER JOIN [AspNetRoles] AS [a0] ON [a].[RoleId] = [a0].[Id]
      WHERE [a].[UserId] = @__userId_0
info: Microsoft.EntityFrameworkCore.Database.Command[20101]
      Executed DbCommand (2ms) [Parameters=[@__userId_0='?' (Size = 450)], CommandType='Text', CommandTimeout='30']
      SELECT [a0].[Name]
      FROM [AspNetUserRoles] AS [a]
      INNER JOIN [AspNetRoles] AS [a0] ON [a].[RoleId] = [a0].[Id]
      WHERE [a].[UserId] = @__userId_0
info: Microsoft.EntityFrameworkCore.Database.Command[20101]
      Executed DbCommand (2ms) [Parameters=[@__currentUser_Id_0='?' (Size = 450)], CommandType='Text', CommandTimeout='30']
      SELECT TOP(1) [u].[Id], [u].[Theme], [u].[UpdatedAt], [u].[UserId]
      FROM [UserSettings] AS [u]
      WHERE [u].[UserId] = @__currentUser_Id_0
info: Microsoft.EntityFrameworkCore.Database.Command[20101]
      Executed DbCommand (2ms) [Parameters=[@__p_0='?' (Size = 450)], CommandType='Text', CommandTimeout='30']
      SELECT TOP(1) [a].[Id], [a].[AccessFailedCount], [a].[ApprovedAt], [a].[ArchivedAt], [a].[CompanyId], [a].[ConcurrencyStamp], [a].[Email], [a].[EmailConfirmed], [a].[FullName], [a].[IsApproved], [a].[IsArchived], [a].[LockoutEnabled], [a].[LockoutEnd], [a].[NormalizedEmail], [a].[NormalizedUserName], [a].[PasswordHash], [a].[PendingRole], [a].[PhoneNumber], [a].[PhoneNumberConfirmed], [a].[SecurityStamp], [a].[TwoFactorEnabled], [a].[UserName]
      FROM [AspNetUsers] AS [a]
      WHERE [a].[Id] = @__p_0
info: Microsoft.EntityFrameworkCore.Database.Command[20101]
      Executed DbCommand (2ms) [Parameters=[@__user_Id_0='?' (Size = 450)], CommandType='Text', CommandTimeout='30']
      SELECT TOP(1) [u].[Id], [u].[Theme], [u].[UpdatedAt], [u].[UserId]
      FROM [UserSettings] AS [u]
      WHERE [u].[UserId] = @__user_Id_0
info: Microsoft.EntityFrameworkCore.Database.Command[20101]
      Executed DbCommand (2ms) [Parameters=[@__userId_0='?' (Size = 450)], CommandType='Text', CommandTimeout='30']
      SELECT [a0].[Name]
      FROM [AspNetUserRoles] AS [a]
      INNER JOIN [AspNetRoles] AS [a0] ON [a].[RoleId] = [a0].[Id]
      WHERE [a].[UserId] = @__userId_0
info: Microsoft.EntityFrameworkCore.Database.Command[20101]
      Executed DbCommand (2ms) [Parameters=[@__currentUser_Id_0='?' (Size = 450)], CommandType='Text', CommandTimeout='30']
      SELECT TOP(1) [u].[Id], [u].[Theme], [u].[UpdatedAt], [u].[UserId]
      FROM [UserSettings] AS [u]
      WHERE [u].[UserId] = @__currentUser_Id_0
info: Microsoft.EntityFrameworkCore.Database.Command[20101]
      Executed DbCommand (1ms) [Parameters=[@__companyId_0='?' (DbType = Int32)], CommandType='Text', CommandTimeout='30']
      SELECT TOP(1) [c].[Id], [c].[Code], [c].[CreatedAt], [c].[Name], [c].[UpdatedAt]
      FROM [Companies] AS [c]
      WHERE [c].[Id] = @__companyId_0
info: Microsoft.EntityFrameworkCore.Database.Command[20101]
      Executed DbCommand (2ms) [Parameters=[@__ef_filter__p_0='?' (DbType = Boolean), @__ef_filter__CompanyId_1='?' (DbType = Int32), @__companyId_0='?' (DbType = Int32)], CommandType='Text', CommandTimeout='30']
      SELECT TOP(1) [c].[Id], [c].[Address], [c].[CompanyId], [c].[CreatedAt], [c].[DisplayName], [c].[Email], [c].[Industry], [c].[Phone], [c].[UpdatedAt], [c].[Website]
      FROM [CompanyProfiles] AS [c]
      WHERE (@__ef_filter__p_0 = CAST(1 AS bit) OR [c].[CompanyId] = @__ef_filter__CompanyId_1) AND [c].[CompanyId] = @__companyId_0
info: Microsoft.EntityFrameworkCore.Database.Command[20101]
      Executed DbCommand (1ms) [Parameters=[@__companyId_0='?' (DbType = Int32)], CommandType='Text', CommandTimeout='30']
      SELECT COUNT(*)
      FROM [AspNetUsers] AS [a]
      WHERE [a].[CompanyId] = @__companyId_0
info: Microsoft.EntityFrameworkCore.Database.Command[20101]
      Executed DbCommand (2ms) [Parameters=[@__ef_filter__p_0='?' (DbType = Boolean), @__ef_filter__CompanyId_1='?' (DbType = Int32)], CommandType='Text', CommandTimeout='30']
      SELECT COUNT(*)
      FROM [Products] AS [p]
      WHERE @__ef_filter__p_0 = CAST(1 AS bit) OR [p].[CompanyId] = @__ef_filter__CompanyId_1
info: Microsoft.EntityFrameworkCore.Database.Command[20101]
      Executed DbCommand (2ms) [Parameters=[@__ef_filter__p_0='?' (DbType = Boolean), @__ef_filter__CompanyId_1='?' (DbType = Int32)], CommandType='Text', CommandTimeout='30']
      SELECT COUNT(*)
      FROM [Materials] AS [m]
      WHERE @__ef_filter__p_0 = CAST(1 AS bit) OR [m].[CompanyId] = @__ef_filter__CompanyId_1
info: Microsoft.EntityFrameworkCore.Database.Command[20101]
      Executed DbCommand (2ms) [Parameters=[@__ef_filter__p_0='?' (DbType = Boolean), @__ef_filter__CompanyId_1='?' (DbType = Int32)], CommandType='Text', CommandTimeout='30']
      SELECT COUNT(*)
      FROM [WorkOrders] AS [w]
      WHERE @__ef_filter__p_0 = CAST(1 AS bit) OR [w].[CompanyId] = @__ef_filter__CompanyId_1
info: Microsoft.EntityFrameworkCore.Database.Command[20101]
      Executed DbCommand (2ms) [Parameters=[@__p_0='?' (Size = 450)], CommandType='Text', CommandTimeout='30']
      SELECT TOP(1) [a].[Id], [a].[AccessFailedCount], [a].[ApprovedAt], [a].[ArchivedAt], [a].[CompanyId], [a].[ConcurrencyStamp], [a].[Email], [a].[EmailConfirmed], [a].[FullName], [a].[IsApproved], [a].[IsArchived], [a].[LockoutEnabled], [a].[LockoutEnd], [a].[NormalizedEmail], [a].[NormalizedUserName], [a].[PasswordHash], [a].[PendingRole], [a].[PhoneNumber], [a].[PhoneNumberConfirmed], [a].[SecurityStamp], [a].[TwoFactorEnabled], [a].[UserName]
      FROM [AspNetUsers] AS [a]
      WHERE [a].[Id] = @__p_0
info: Microsoft.EntityFrameworkCore.Database.Command[20101]
      Executed DbCommand (2ms) [Parameters=[@__userId_0='?' (Size = 450)], CommandType='Text', CommandTimeout='30']
      SELECT [a0].[Name]
      FROM [AspNetUserRoles] AS [a]
      INNER JOIN [AspNetRoles] AS [a0] ON [a].[RoleId] = [a0].[Id]
      WHERE [a].[UserId] = @__userId_0
info: Microsoft.EntityFrameworkCore.Database.Command[20101]
      Executed DbCommand (2ms) [Parameters=[@__userId_0='?' (Size = 450)], CommandType='Text', CommandTimeout='30']
      SELECT [a0].[Name]
      FROM [AspNetUserRoles] AS [a]
      INNER JOIN [AspNetRoles] AS [a0] ON [a].[RoleId] = [a0].[Id]
      WHERE [a].[UserId] = @__userId_0
info: Microsoft.EntityFrameworkCore.Database.Command[20101]
      Executed DbCommand (2ms) [Parameters=[@__currentUser_Id_0='?' (Size = 450)], CommandType='Text', CommandTimeout='30']
      SELECT TOP(1) [u].[Id], [u].[Theme], [u].[UpdatedAt], [u].[UserId]
      FROM [UserSettings] AS [u]
      WHERE [u].[UserId] = @__currentUser_Id_0
info: Microsoft.EntityFrameworkCore.Database.Command[20101]
      Executed DbCommand (6ms) [Parameters=[@__archived_0='?' (DbType = Boolean), @__companyId_1='?' (DbType = Int32), @__p_2='?' (DbType = Int32), @__p_3='?' (DbType = Int32)], CommandType='Text', CommandTimeout='30']
      SELECT [a].[Id], [a].[AccessFailedCount], [a].[ApprovedAt], [a].[ArchivedAt], [a].[CompanyId], [a].[ConcurrencyStamp], [a].[Email], [a].[EmailConfirmed], [a].[FullName], [a].[IsApproved], [a].[IsArchived], [a].[LockoutEnabled], [a].[LockoutEnd], [a].[NormalizedEmail], [a].[NormalizedUserName], [a].[PasswordHash], [a].[PendingRole], [a].[PhoneNumber], [a].[PhoneNumberConfirmed], [a].[SecurityStamp], [a].[TwoFactorEnabled], [a].[UserName]
      FROM [AspNetUsers] AS [a]
      WHERE [a].[IsArchived] = @__archived_0 AND [a].[CompanyId] = @__companyId_1
      ORDER BY [a].[Id] DESC
      OFFSET @__p_2 ROWS FETCH NEXT @__p_3 ROWS ONLY
info: Microsoft.EntityFrameworkCore.Database.Command[20101]
      Executed DbCommand (2ms) [Parameters=[@__userId_0='?' (Size = 450)], CommandType='Text', CommandTimeout='30']
      SELECT [a0].[Name]
      FROM [AspNetUserRoles] AS [a]
      INNER JOIN [AspNetRoles] AS [a0] ON [a].[RoleId] = [a0].[Id]
      WHERE [a].[UserId] = @__userId_0
info: Microsoft.EntityFrameworkCore.Database.Command[20101]
      Executed DbCommand (2ms) [Parameters=[@__userId_0='?' (Size = 450)], CommandType='Text', CommandTimeout='30']
      SELECT [a0].[Name]
      FROM [AspNetUserRoles] AS [a]
      INNER JOIN [AspNetRoles] AS [a0] ON [a].[RoleId] = [a0].[Id]
      WHERE [a].[UserId] = @__userId_0
info: Microsoft.EntityFrameworkCore.Database.Command[20101]
      Executed DbCommand (4ms) [Parameters=[@__archived_0='?' (DbType = Boolean), @__companyId_1='?' (DbType = Int32)], CommandType='Text', CommandTimeout='30']
      SELECT COUNT(*)
      FROM [AspNetUsers] AS [a]
      WHERE [a].[IsArchived] = @__archived_0 AND [a].[CompanyId] = @__companyId_1
info: Microsoft.EntityFrameworkCore.Database.Command[20101]
      Executed DbCommand (2ms) [Parameters=[@__userId_0='?' (Size = 450)], CommandType='Text', CommandTimeout='30']
      SELECT [a0].[Name]
      FROM [AspNetUserRoles] AS [a]
      INNER JOIN [AspNetRoles] AS [a0] ON [a].[RoleId] = [a0].[Id]
      WHERE [a].[UserId] = @__userId_0
info: Microsoft.EntityFrameworkCore.Database.Command[20101]
      Executed DbCommand (1ms) [Parameters=[@__currentUser_Id_0='?' (Size = 450)], CommandType='Text', CommandTimeout='30']
      SELECT TOP(1) [u].[Id], [u].[Theme], [u].[UpdatedAt], [u].[UserId]
      FROM [UserSettings] AS [u]
      WHERE [u].[UserId] = @__currentUser_Id_0
info: Microsoft.EntityFrameworkCore.Database.Command[20101]
      Executed DbCommand (2ms) [Parameters=[@__companyId_0='?' (DbType = Int32)], CommandType='Text', CommandTimeout='30']
      SELECT TOP(1) [c].[Id], [c].[Code], [c].[CreatedAt], [c].[Name], [c].[UpdatedAt]
      FROM [Companies] AS [c]
      WHERE [c].[Id] = @__companyId_0
info: Microsoft.EntityFrameworkCore.Database.Command[20101]
      Executed DbCommand (1ms) [Parameters=[@__ef_filter__p_0='?' (DbType = Boolean), @__ef_filter__CompanyId_1='?' (DbType = Int32), @__companyId_0='?' (DbType = Int32)], CommandType='Text', CommandTimeout='30']
      SELECT TOP(1) [c].[Id], [c].[Address], [c].[CompanyId], [c].[CreatedAt], [c].[DisplayName], [c].[Email], [c].[Industry], [c].[Phone], [c].[UpdatedAt], [c].[Website]
      FROM [CompanyProfiles] AS [c]
      WHERE (@__ef_filter__p_0 = CAST(1 AS bit) OR [c].[CompanyId] = @__ef_filter__CompanyId_1) AND [c].[CompanyId] = @__companyId_0
info: Microsoft.EntityFrameworkCore.Database.Command[20101]
      Executed DbCommand (1ms) [Parameters=[@__companyId_0='?' (DbType = Int32)], CommandType='Text', CommandTimeout='30']
      SELECT COUNT(*)
      FROM [AspNetUsers] AS [a]
      WHERE [a].[CompanyId] = @__companyId_0
info: Microsoft.EntityFrameworkCore.Database.Command[20101]
      Executed DbCommand (1ms) [Parameters=[@__ef_filter__p_0='?' (DbType = Boolean), @__ef_filter__CompanyId_1='?' (DbType = Int32)], CommandType='Text', CommandTimeout='30']
      SELECT COUNT(*)
      FROM [Products] AS [p]
      WHERE @__ef_filter__p_0 = CAST(1 AS bit) OR [p].[CompanyId] = @__ef_filter__CompanyId_1
info: Microsoft.EntityFrameworkCore.Database.Command[20101]
      Executed DbCommand (1ms) [Parameters=[@__ef_filter__p_0='?' (DbType = Boolean), @__ef_filter__CompanyId_1='?' (DbType = Int32)], CommandType='Text', CommandTimeout='30']
      SELECT COUNT(*)
      FROM [Materials] AS [m]
      WHERE @__ef_filter__p_0 = CAST(1 AS bit) OR [m].[CompanyId] = @__ef_filter__CompanyId_1
info: Microsoft.EntityFrameworkCore.Database.Command[20101]
      Executed DbCommand (2ms) [Parameters=[@__ef_filter__p_0='?' (DbType = Boolean), @__ef_filter__CompanyId_1='?' (DbType = Int32)], CommandType='Text', CommandTimeout='30']
      SELECT COUNT(*)
      FROM [WorkOrders] AS [w]
      WHERE @__ef_filter__p_0 = CAST(1 AS bit) OR [w].[CompanyId] = @__ef_filter__CompanyId_1
info: Microsoft.EntityFrameworkCore.Database.Command[20101]
      Executed DbCommand (1ms) [Parameters=[@__p_0='?' (Size = 450)], CommandType='Text', CommandTimeout='30']
      SELECT TOP(1) [a].[Id], [a].[AccessFailedCount], [a].[ApprovedAt], [a].[ArchivedAt], [a].[CompanyId], [a].[ConcurrencyStamp], [a].[Email], [a].[EmailConfirmed], [a].[FullName], [a].[IsApproved], [a].[IsArchived], [a].[LockoutEnabled], [a].[LockoutEnd], [a].[NormalizedEmail], [a].[NormalizedUserName], [a].[PasswordHash], [a].[PendingRole], [a].[PhoneNumber], [a].[PhoneNumberConfirmed], [a].[SecurityStamp], [a].[TwoFactorEnabled], [a].[UserName]
      FROM [AspNetUsers] AS [a]
      WHERE [a].[Id] = @__p_0
info: Microsoft.EntityFrameworkCore.Database.Command[20101]
      Executed DbCommand (2ms) [Parameters=[@__userId_0='?' (Size = 450)], CommandType='Text', CommandTimeout='30']
      SELECT [a0].[Name]
      FROM [AspNetUserRoles] AS [a]
      INNER JOIN [AspNetRoles] AS [a0] ON [a].[RoleId] = [a0].[Id]
      WHERE [a].[UserId] = @__userId_0
info: Microsoft.EntityFrameworkCore.Database.Command[20101]
      Executed DbCommand (1ms) [Parameters=[@__userId_0='?' (Size = 450)], CommandType='Text', CommandTimeout='30']
      SELECT [a0].[Name]
      FROM [AspNetUserRoles] AS [a]
      INNER JOIN [AspNetRoles] AS [a0] ON [a].[RoleId] = [a0].[Id]
      WHERE [a].[UserId] = @__userId_0
info: Microsoft.EntityFrameworkCore.Database.Command[20101]
      Executed DbCommand (1ms) [Parameters=[@__currentUser_Id_0='?' (Size = 450)], CommandType='Text', CommandTimeout='30']
      SELECT TOP(1) [u].[Id], [u].[Theme], [u].[UpdatedAt], [u].[UserId]
      FROM [UserSettings] AS [u]
      WHERE [u].[UserId] = @__currentUser_Id_0
info: Microsoft.EntityFrameworkCore.Database.Command[20101]
      Executed DbCommand (2ms) [Parameters=[@__companyId_0='?' (DbType = Int32)], CommandType='Text', CommandTimeout='30']
      SELECT TOP(1) [c].[Id], [c].[Code], [c].[CreatedAt], [c].[Name], [c].[UpdatedAt]
      FROM [Companies] AS [c]
      WHERE [c].[Id] = @__companyId_0
info: Microsoft.EntityFrameworkCore.Database.Command[20101]
      Executed DbCommand (2ms) [Parameters=[@__ef_filter__p_0='?' (DbType = Boolean), @__ef_filter__CompanyId_1='?' (DbType = Int32), @__companyId_0='?' (DbType = Int32)], CommandType='Text', CommandTimeout='30']
      SELECT TOP(1) [c].[Id], [c].[Address], [c].[CompanyId], [c].[CreatedAt], [c].[DisplayName], [c].[Email], [c].[Industry], [c].[Phone], [c].[UpdatedAt], [c].[Website]
      FROM [CompanyProfiles] AS [c]
      WHERE (@__ef_filter__p_0 = CAST(1 AS bit) OR [c].[CompanyId] = @__ef_filter__CompanyId_1) AND [c].[CompanyId] = @__companyId_0
info: Microsoft.EntityFrameworkCore.Database.Command[20101]
      Executed DbCommand (2ms) [Parameters=[@__companyId_0='?' (DbType = Int32)], CommandType='Text', CommandTimeout='30']
      SELECT COUNT(*)
      FROM [AspNetUsers] AS [a]
      WHERE [a].[CompanyId] = @__companyId_0
info: Microsoft.EntityFrameworkCore.Database.Command[20101]
      Executed DbCommand (2ms) [Parameters=[@__ef_filter__p_0='?' (DbType = Boolean), @__ef_filter__CompanyId_1='?' (DbType = Int32)], CommandType='Text', CommandTimeout='30']
      SELECT COUNT(*)
      FROM [Products] AS [p]
      WHERE @__ef_filter__p_0 = CAST(1 AS bit) OR [p].[CompanyId] = @__ef_filter__CompanyId_1
info: Microsoft.EntityFrameworkCore.Database.Command[20101]
      Executed DbCommand (1ms) [Parameters=[@__ef_filter__p_0='?' (DbType = Boolean), @__ef_filter__CompanyId_1='?' (DbType = Int32)], CommandType='Text', CommandTimeout='30']
      SELECT COUNT(*)
      FROM [Materials] AS [m]
      WHERE @__ef_filter__p_0 = CAST(1 AS bit) OR [m].[CompanyId] = @__ef_filter__CompanyId_1
info: Microsoft.EntityFrameworkCore.Database.Command[20101]
      Executed DbCommand (1ms) [Parameters=[@__ef_filter__p_0='?' (DbType = Boolean), @__ef_filter__CompanyId_1='?' (DbType = Int32)], CommandType='Text', CommandTimeout='30']
      SELECT COUNT(*)
      FROM [WorkOrders] AS [w]
      WHERE @__ef_filter__p_0 = CAST(1 AS bit) OR [w].[CompanyId] = @__ef_filter__CompanyId_1
info: Microsoft.EntityFrameworkCore.Database.Command[20101]
      Executed DbCommand (1ms) [Parameters=[@__p_0='?' (Size = 450)], CommandType='Text', CommandTimeout='30']
      SELECT TOP(1) [a].[Id], [a].[AccessFailedCount], [a].[ApprovedAt], [a].[ArchivedAt], [a].[CompanyId], [a].[ConcurrencyStamp], [a].[Email], [a].[EmailConfirmed], [a].[FullName], [a].[IsApproved], [a].[IsArchived], [a].[LockoutEnabled], [a].[LockoutEnd], [a].[NormalizedEmail], [a].[NormalizedUserName], [a].[PasswordHash], [a].[PendingRole], [a].[PhoneNumber], [a].[PhoneNumberConfirmed], [a].[SecurityStamp], [a].[TwoFactorEnabled], [a].[UserName]
      FROM [AspNetUsers] AS [a]
      WHERE [a].[Id] = @__p_0
info: Microsoft.EntityFrameworkCore.Database.Command[20101]
      Executed DbCommand (2ms) [Parameters=[@__userId_0='?' (Size = 450)], CommandType='Text', CommandTimeout='30']
      SELECT [a0].[Name]
      FROM [AspNetUserRoles] AS [a]
      INNER JOIN [AspNetRoles] AS [a0] ON [a].[RoleId] = [a0].[Id]
      WHERE [a].[UserId] = @__userId_0
info: Microsoft.EntityFrameworkCore.Database.Command[20101]
      Executed DbCommand (2ms) [Parameters=[@__userId_0='?' (Size = 450)], CommandType='Text', CommandTimeout='30']
      SELECT [a0].[Name]
      FROM [AspNetUserRoles] AS [a]
      INNER JOIN [AspNetRoles] AS [a0] ON [a].[RoleId] = [a0].[Id]
      WHERE [a].[UserId] = @__userId_0
info: Microsoft.EntityFrameworkCore.Database.Command[20101]
      Executed DbCommand (2ms) [Parameters=[@__currentUser_Id_0='?' (Size = 450)], CommandType='Text', CommandTimeout='30']
      SELECT TOP(1) [u].[Id], [u].[Theme], [u].[UpdatedAt], [u].[UserId]
      FROM [UserSettings] AS [u]
      WHERE [u].[UserId] = @__currentUser_Id_0
info: Microsoft.EntityFrameworkCore.Database.Command[20101]
      Executed DbCommand (2ms) [Parameters=[@__companyId_0='?' (DbType = Int32)], CommandType='Text', CommandTimeout='30']
      SELECT TOP(1) [c].[Id], [c].[Code], [c].[CreatedAt], [c].[Name], [c].[UpdatedAt]
      FROM [Companies] AS [c]
      WHERE [c].[Id] = @__companyId_0
info: Microsoft.EntityFrameworkCore.Database.Command[20101]
      Executed DbCommand (2ms) [Parameters=[@__ef_filter__p_0='?' (DbType = Boolean), @__ef_filter__CompanyId_1='?' (DbType = Int32), @__companyId_0='?' (DbType = Int32)], CommandType='Text', CommandTimeout='30']
      SELECT TOP(1) [c].[Id], [c].[Address], [c].[CompanyId], [c].[CreatedAt], [c].[DisplayName], [c].[Email], [c].[Industry], [c].[Phone], [c].[UpdatedAt], [c].[Website]
      FROM [CompanyProfiles] AS [c]
      WHERE (@__ef_filter__p_0 = CAST(1 AS bit) OR [c].[CompanyId] = @__ef_filter__CompanyId_1) AND [c].[CompanyId] = @__companyId_0
info: Microsoft.EntityFrameworkCore.Database.Command[20101]
      Executed DbCommand (2ms) [Parameters=[@__companyId_0='?' (DbType = Int32)], CommandType='Text', CommandTimeout='30']
      SELECT COUNT(*)
      FROM [AspNetUsers] AS [a]
      WHERE [a].[CompanyId] = @__companyId_0
info: Microsoft.EntityFrameworkCore.Database.Command[20101]
      Executed DbCommand (1ms) [Parameters=[@__ef_filter__p_0='?' (DbType = Boolean), @__ef_filter__CompanyId_1='?' (DbType = Int32)], CommandType='Text', CommandTimeout='30']
      SELECT COUNT(*)
      FROM [Products] AS [p]
      WHERE @__ef_filter__p_0 = CAST(1 AS bit) OR [p].[CompanyId] = @__ef_filter__CompanyId_1
info: Microsoft.EntityFrameworkCore.Database.Command[20101]
      Executed DbCommand (2ms) [Parameters=[@__ef_filter__p_0='?' (DbType = Boolean), @__ef_filter__CompanyId_1='?' (DbType = Int32)], CommandType='Text', CommandTimeout='30']
      SELECT COUNT(*)
      FROM [Materials] AS [m]
      WHERE @__ef_filter__p_0 = CAST(1 AS bit) OR [m].[CompanyId] = @__ef_filter__CompanyId